\BOOKMARK [0][-]{chapter*.2}{\376\377\000R\000e\000s\000u\000m\000e\000n}{}% 1
\BOOKMARK [0][-]{chapter*.3}{\376\377\000I\000n\000t\000r\000o\000d\000u\000c\000c\000i\000\363\000n}{}% 2
\BOOKMARK [0][-]{chapter.1}{\376\377\000C\000o\000n\000c\000e\000p\000t\000o\000s\000\040\000P\000r\000e\000l\000i\000m\000i\000n\000a\000r\000e\000s}{}% 3
\BOOKMARK [1][-]{section.1.1}{\376\377\000M\000o\000d\000e\000l\000o\000s\000\040\000d\000e\000\040\000c\000o\000n\000s\000u\000m\000o\000\040\000i\000n\000t\000e\000r\000t\000e\000m\000p\000o\000r\000a\000l}{chapter.1}% 4
\BOOKMARK [1][-]{section.1.2}{\376\377\000F\000u\000n\000c\000i\000o\000n\000e\000s\000\040\000d\000e\000\040\000d\000e\000s\000c\000u\000e\000n\000t\000o}{chapter.1}% 5
\BOOKMARK [2][-]{subsection.1.2.1}{\376\377\000F\000u\000n\000c\000i\000\363\000n\000\040\000d\000e\000\040\000d\000e\000s\000c\000u\000e\000n\000t\000o\000\040\000d\000e\000\040\000S\000a\000m\000u\000e\000l\000s\000o\000n}{section.1.2}% 6
\BOOKMARK [1][-]{section.1.3}{\376\377\000S\000e\000s\000g\000o\000\040\000d\000e\000\040\000p\000r\000e\000s\000e\000n\000t\000e}{chapter.1}% 7
\BOOKMARK [1][-]{section.1.4}{\376\377\000\323\000p\000t\000i\000m\000o\000\040\000d\000e\000\040\000p\000a\000r\000e\000t\000o}{chapter.1}% 8
\BOOKMARK [2][-]{subsection.1.4.1}{\376\377\000D\000o\000m\000i\000n\000a\000n\000c\000i\000a\000\040\000e\000n\000\040\000p\000a\000r\000e\000t\000o}{section.1.4}% 9
\BOOKMARK [1][-]{section.1.5}{\376\377\000P\000r\000o\000p\000e\000n\000s\000i\000\363\000n\000\040\000m\000a\000r\000g\000i\000n\000a\000l\000\040\000a\000\040\000c\000o\000n\000s\000u\000m\000i\000r}{chapter.1}% 10
\BOOKMARK [0][-]{chapter.2}{\376\377\000E\000n\000t\000o\000r\000n\000o\000\040\000d\000e\000l\000\040\000m\000o\000d\000e\000l\000o}{}% 11
\BOOKMARK [1][-]{section.2.1}{\376\377\000F\000u\000n\000c\000i\000\363\000n\000\040\000d\000e\000\040\000d\000e\000s\000c\000u\000e\000n\000t\000o}{chapter.2}% 12
\BOOKMARK [2][-]{subsection.2.1.1}{\376\377\000C\000a\000s\000o\000\040\000d\000i\000s\000c\000r\000e\000t\000o}{section.2.1}% 13
\BOOKMARK [2][-]{subsection.2.1.2}{\376\377\000C\000a\000s\000o\000\040\000c\000o\000n\000t\000i\000n\000u\000o}{section.2.1}% 14
\BOOKMARK [1][-]{section.2.2}{\376\377\000S\000e\000s\000g\000o\000\040\000d\000e\000\040\000p\000r\000e\000s\000e\000n\000t\000e}{chapter.2}% 15
\BOOKMARK [1][-]{section.2.3}{\376\377\000P\000r\000o\000b\000l\000e\000m\000a\000\040\000d\000e\000l\000\040\000h\000o\000g\000a\000r}{chapter.2}% 16
\BOOKMARK [0][-]{chapter.3}{\376\377\000C\000o\000n\000d\000i\000c\000i\000\363\000n\000\040\000d\000e\000\040\000P\000a\000r\000e\000t\000o}{}% 17
\BOOKMARK [1][-]{section.3.1}{\376\377\000C\000a\000s\000o\000\040\000d\000e\000\040\000l\000o\000\040\000r\000e\000a\000l\000i\000z\000a\000d\000o}{chapter.3}% 18
\BOOKMARK [1][-]{section.3.2}{\376\377\000C\000a\000s\000o\000\040\000d\000e\000l\000\040\000c\000o\000m\000p\000r\000o\000m\000i\000s\000o}{chapter.3}% 19
\BOOKMARK [1][-]{section.3.3}{\376\377\000C\000o\000n\000t\000r\000a\000s\000t\000a\000n\000d\000o\000\040\000a\000c\000c\000i\000\363\000n\000\040\000y\000\040\000c\000o\000m\000p\000r\000o\000m\000i\000s\000o}{chapter.3}% 20
\BOOKMARK [0][-]{chapter.4}{\376\377\000F\000o\000r\000m\000a\000\040\000d\000e\000l\000\040\000p\000e\000r\000f\000i\000l\000\040\000d\000e\000\040\000c\000o\000n\000s\000u\000m\000o}{}% 21
\BOOKMARK [1][-]{section.4.1}{\376\377\000P\000r\000i\000m\000e\000r\000a\000\040\000c\000o\000n\000d\000i\000c\000i\000\363\000n}{chapter.4}% 22
\BOOKMARK [1][-]{section.4.2}{\376\377\000S\000e\000g\000u\000n\000d\000a\000\040\000c\000o\000n\000d\000i\000c\000i\000\363\000n}{chapter.4}% 23
\BOOKMARK [1][-]{section.4.3}{\376\377\000T\000e\000r\000c\000e\000r\000a\000\040\000c\000o\000n\000d\000i\000c\000i\000\363\000n}{chapter.4}% 24
\BOOKMARK [1][-]{section.4.4}{\376\377\000P\000r\000i\000m\000e\000r\000a\000\040\000p\000r\000o\000p\000o\000s\000i\000c\000i\000\363\000n\000\040\000d\000e\000\040\000c\000o\000n\000c\000a\000v\000i\000d\000a\000d\000\040}{chapter.4}% 25
\BOOKMARK [1][-]{section.4.5}{\376\377\000S\000e\000g\000u\000n\000d\000a\000\040\000p\000r\000o\000p\000o\000s\000i\000c\000i\000\363\000n\000\040\000d\000e\000\040\000c\000o\000n\000c\000a\000v\000i\000d\000a\000d\000\040}{chapter.4}% 26
\BOOKMARK [1][-]{section.4.6}{\376\377\000C\000o\000n\000d\000i\000c\000i\000o\000n\000e\000s\000\040\000e\000n\000\040\000e\000l\000\040\000d\000e\000s\000c\000u\000e\000n\000t\000o\000\040\000h\000i\000p\000e\000r\000b\000\363\000l\000i\000c\000o}{chapter.4}% 27
\BOOKMARK [0][-]{chapter.5}{\376\377\000M\000o\000d\000e\000l\000a\000n\000d\000o\000\040\000d\000e\000c\000i\000s\000i\000o\000n\000e\000s\000\040\000c\000o\000n\000\040\000m\000a\000y\000o\000r\000\040\000p\000r\000e\000c\000i\000s\000i\000\363\000n}{}% 28
\BOOKMARK [1][-]{section.5.1}{\376\377\000V\000a\000l\000o\000r\000\040\000d\000e\000\040\000l\000a\000\040\000r\000e\000c\000o\000m\000p\000e\000n\000s\000a\000\040\000y\000\040\000r\000e\000f\000o\000r\000z\000a\000m\000i\000e\000n\000t\000o}{chapter.5}% 29
\BOOKMARK [1][-]{section.5.2}{\376\377\000M\000e\000d\000i\000c\000i\000\363\000n\000\040\000d\000e\000l\000\040\000v\000a\000l\000o\000r\000\040\000d\000e\000\040\000l\000a\000\040\000r\000e\000c\000o\000m\000p\000e\000n\000s\000a}{chapter.5}% 30
\BOOKMARK [1][-]{section.5.3}{\376\377\000R\000e\000c\000o\000m\000p\000e\000n\000s\000a\000s\000\040\000d\000i\000f\000e\000r\000i\000d\000a\000s\000\040\000y\000\040\000d\000e\000s\000c\000u\000e\000n\000t\000o}{chapter.5}% 31
\BOOKMARK [1][-]{section.5.4}{\376\377\000R\000e\000v\000i\000s\000i\000\363\000n\000\040\000d\000e\000\040\000l\000a\000\040\000p\000o\000n\000d\000e\000r\000a\000c\000i\000\363\000n\000\040\000f\000u\000t\000u\000r\000a\000\040\000f\000u\000e\000r\000t\000e}{chapter.5}% 32
\BOOKMARK [1][-]{section.5.5}{\376\377\000R\000e\000v\000i\000s\000i\000\363\000n\000\040\000d\000e\000l\000\040\000s\000e\000s\000g\000o\000\040\000d\000e\000\040\000p\000r\000e\000s\000e\000n\000t\000e}{chapter.5}% 33
\BOOKMARK [1][-]{section.5.6}{\376\377\000R\000e\000v\000i\000s\000i\000\363\000n\000\040\000d\000e\000\040\000l\000a\000\040\000c\000o\000n\000d\000i\000c\000i\000\363\000n\000\040\000d\000e\000\040\000P\000a\000r\000e\000t\000o}{chapter.5}% 34
\BOOKMARK [2][-]{subsection.5.6.1}{\376\377\000P\000r\000i\000m\000e\000r\000a\000\040\000s\000u\000b\000c\000o\000n\000d\000i\000c\000i\000\363\000n}{section.5.6}% 35
\BOOKMARK [2][-]{subsection.5.6.2}{\376\377\000S\000e\000g\000u\000n\000d\000a\000\040\000s\000u\000b\000c\000o\000n\000d\000i\000c\000i\000\363\000n}{section.5.6}% 36
\BOOKMARK [1][-]{section.5.7}{\376\377\000R\000e\000v\000i\000s\000i\000\363\000n\000\040\000d\000e\000\040\000l\000a\000\040\000c\000o\000n\000c\000a\000v\000i\000d\000a\000d}{chapter.5}% 37
\BOOKMARK [0][-]{chapter*.4}{\376\377\000C\000o\000n\000c\000l\000u\000s\000i\000o\000n\000e\000s\000\040\000g\000e\000n\000e\000r\000a\000l\000e\000s}{}% 38
\BOOKMARK [0][-]{chapter*.5}{\376\377\000P\000o\000s\000i\000b\000l\000e\000s\000\040\000l\000\355\000n\000e\000a\000s\000\040\000d\000e\000\040\000i\000n\000v\000e\000s\000t\000i\000g\000a\000c\000i\000\363\000n\000\040\000f\000u\000t\000u\000r\000a}{}% 39
\BOOKMARK [0][-]{section*.6}{\376\377\000A\000p\000\351\000n\000d\000i\000c\000e\000s}{}% 40
\BOOKMARK [0][-]{appendix.Alph1}{\376\377\000F\000u\000n\000c\000i\000\363\000n\000\040\000e\000x\000p\000o\000n\000e\000n\000c\000i\000a\000l}{}% 41
\BOOKMARK [1][-]{section.Alph1.1}{\376\377\000C\000o\000m\000p\000a\000r\000a\000c\000i\000\363\000n}{appendix.Alph1}% 42
\BOOKMARK [0][-]{appendix.Alph2}{\376\377\000R\000e\000l\000a\000c\000i\000\363\000n\000\040\000d\000e\000l\000\040\000s\000e\000s\000g\000o\000\040\000p\000r\000e\000s\000e\000n\000t\000e\000\040\000y\000\040\000l\000o\000s\000\040\000f\000a\000c\000t\000o\000r\000e\000s\000\040\000d\000e\000\040\000p\000o\000n\000d\000e\000r\000a\000c\000i\000\363\000n\000\040\000f\000u\000t\000u\000r\000o\000s}{}% 43
\BOOKMARK [1][-]{section.Alph2.1}{\376\377\000P\000r\000e\000f\000e\000r\000e\000n\000c\000i\000a\000s}{appendix.Alph2}% 44
\BOOKMARK [0][-]{appendix.Alph3}{\376\377\000T\000a\000s\000a\000s\000\040\000d\000e\000\040\000c\000r\000e\000c\000i\000m\000i\000e\000n\000t\000o\000\040\000r\000e\000l\000a\000t\000i\000v\000a\000s}{}% 45
\BOOKMARK [1][-]{section.Alph3.1}{\376\377\000T\000a\000s\000a\000s\000\040\000d\000e\000\040\000c\000a\000m\000b\000i\000o\000\040\000y\000\040\000d\000e\000\040\000c\000r\000e\000c\000i\000m\000i\000e\000n\000t\000o}{appendix.Alph3}% 46
\BOOKMARK [1][-]{section.Alph3.2}{\376\377\000E\000j\000e\000m\000p\000l\000o\000\040\000d\000e\000\040\000t\000a\000s\000a\000\040\000d\000e\000\040\000c\000r\000e\000c\000i\000m\000i\000e\000n\000t\000o}{appendix.Alph3}% 47
\BOOKMARK [0][-]{appendix.Alph4}{\376\377\000A\000n\000\341\000l\000i\000s\000i\000s\000\040\000d\000e\000\040\000l\000a\000\040\000p\000r\000o\000p\000e\000n\000s\000i\000\363\000n\000\040\000m\000a\000r\000g\000i\000n\000a\000l\000\040\000a\000l\000\040\000c\000o\000n\000s\000u\000m\000o}{}% 48
\BOOKMARK [1][-]{section.Alph4.1}{\376\377\000A\000n\000\341\000l\000i\000s\000i\000s\000\040\000d\000e\000\040\000s\000i\000g\000n\000o\000s}{appendix.Alph4}% 49
\BOOKMARK [0][-]{appendix.Alph5}{\376\377\000D\000e\000s\000a\000r\000r\000o\000l\000l\000o\000\040\000d\000e\000\040\000i\000n\000t\000e\000g\000r\000a\000l\000e\000s}{}% 50
\BOOKMARK [0][-]{section*.7}{\376\377\000R\000e\000f\000e\000r\000e\000n\000c\000i\000a\000s}{}% 51
