This is pdfTeX, Version 3.141592653-2.6-1.40.25 (MiKTeX 23.10) (preloaded format=pdflatex 2023.12.12)  12 DEC 2023 19:04
entering extended mode
 restricted \write18 enabled.
 %&-line parsing enabled.
**"./Tesis (Version Definitiva).tex"
(Tesis (Version Definitiva).tex
LaTeX2e <2023-06-01> patch level 1
L3 programming layer <2023-08-29>
(C:\Users\sesto\AppData\Local\Programs\MiKTeX\tex/latex/base\report.cls
Document Class: report 2023/05/17 v1.4n Standard LaTeX document class
(C:\Users\sesto\AppData\Local\Programs\MiKTeX\tex/latex/base\size12.clo
File: size12.clo 2023/05/17 v1.4n Standard LaTeX file (size option)
)
\c@part=\count185
\c@chapter=\count186
\c@section=\count187
\c@subsection=\count188
\c@subsubsection=\count189
\c@paragraph=\count190
\c@subparagraph=\count191
\c@figure=\count192
\c@table=\count193
\abovecaptionskip=\skip48
\belowcaptionskip=\skip49
\bibindent=\dimen140
)
(C:\Users\sesto\AppData\Local\Programs\MiKTeX\tex/generic/babel\babel.sty
Package: babel 2023/09/29 v3.95 The Babel package
\babel@savecnt=\count194
\U@D=\dimen141
\l@unhyphenated=\language79

(C:\Users\sesto\AppData\Local\Programs\MiKTeX\tex/generic/babel\txtbabel.def)
\bbl@readstream=\read2
\bbl@dirlevel=\count195

*************************************
* Local config file bblopts.cfg used
*
(C:\Users\sesto\AppData\Local\Programs\MiKTeX\tex/latex/arabi\bblopts.cfg
File: bblopts.cfg 2005/09/08 v0.1 add Arabic and Farsi to "declared" options of
 babel
)
(C:\Users\sesto\AppData\Local\Programs\MiKTeX\tex/latex/babel-spanish\spanish.l
df
Language: spanish.ldf 2021/05/27 v5.0q Spanish support from the babel system
\es@quottoks=\toks17
\es@quotdepth=\count196
Package babel Info: Making " an active character on input line 570.
Package babel Info: Making . an active character on input line 675.
Package babel Info: Making < an active character on input line 722.
Package babel Info: Making > an active character on input line 722.
))
(C:\Users\sesto\AppData\Local\Programs\MiKTeX\tex/generic/babel/locale/es\babel
-spanish.tex
Package babel Info: Importing font and identification data for spanish
(babel)             from babel-es.ini. Reported on input line 11.
)
(C:\Users\sesto\AppData\Local\Programs\MiKTeX\tex/latex/amsfonts\amssymb.sty
Package: amssymb 2013/01/14 v3.01 AMS font symbols

(C:\Users\sesto\AppData\Local\Programs\MiKTeX\tex/latex/amsfonts\amsfonts.sty
Package: amsfonts 2013/01/14 v3.01 Basic AMSFonts support
\@emptytoks=\toks18
\symAMSa=\mathgroup4
\symAMSb=\mathgroup5
LaTeX Font Info:    Redeclaring math symbol \hbar on input line 98.
LaTeX Font Info:    Overwriting math alphabet `\mathfrak' in version `bold'
(Font)                  U/euf/m/n --> U/euf/b/n on input line 106.
)) (C:\Users\sesto\AppData\Local\Programs\MiKTeX\tex/latex/amsmath\amsmath.sty
Package: amsmath 2023/05/13 v2.17o AMS math features
\@mathmargin=\skip50

For additional information on amsmath, use the `?' option.
(C:\Users\sesto\AppData\Local\Programs\MiKTeX\tex/latex/amsmath\amstext.sty
Package: amstext 2021/08/26 v2.01 AMS text

(C:\Users\sesto\AppData\Local\Programs\MiKTeX\tex/latex/amsmath\amsgen.sty
File: amsgen.sty 1999/11/30 v2.0 generic functions
\@emptytoks=\toks19
\ex@=\dimen142
))
(C:\Users\sesto\AppData\Local\Programs\MiKTeX\tex/latex/amsmath\amsbsy.sty
Package: amsbsy 1999/11/29 v1.2d Bold Symbols
\pmbraise@=\dimen143
)
(C:\Users\sesto\AppData\Local\Programs\MiKTeX\tex/latex/amsmath\amsopn.sty
Package: amsopn 2022/04/08 v2.04 operator names
)
\inf@bad=\count197
LaTeX Info: Redefining \frac on input line 234.
\uproot@=\count198
\leftroot@=\count199
LaTeX Info: Redefining \overline on input line 399.
LaTeX Info: Redefining \colon on input line 410.
\classnum@=\count266
\DOTSCASE@=\count267
LaTeX Info: Redefining \ldots on input line 496.
LaTeX Info: Redefining \dots on input line 499.
LaTeX Info: Redefining \cdots on input line 620.
\Mathstrutbox@=\box51
\strutbox@=\box52
LaTeX Info: Redefining \big on input line 722.
LaTeX Info: Redefining \Big on input line 723.
LaTeX Info: Redefining \bigg on input line 724.
LaTeX Info: Redefining \Bigg on input line 725.
\big@size=\dimen144
LaTeX Font Info:    Redeclaring font encoding OML on input line 743.
LaTeX Font Info:    Redeclaring font encoding OMS on input line 744.
\macc@depth=\count268
LaTeX Info: Redefining \bmod on input line 905.
LaTeX Info: Redefining \pmod on input line 910.
LaTeX Info: Redefining \smash on input line 940.
LaTeX Info: Redefining \relbar on input line 970.
LaTeX Info: Redefining \Relbar on input line 971.
\c@MaxMatrixCols=\count269
\dotsspace@=\muskip16
\c@parentequation=\count270
\dspbrk@lvl=\count271
\tag@help=\toks20
\row@=\count272
\column@=\count273
\maxfields@=\count274
\andhelp@=\toks21
\eqnshift@=\dimen145
\alignsep@=\dimen146
\tagshift@=\dimen147
\tagwidth@=\dimen148
\totwidth@=\dimen149
\lineht@=\dimen150
\@envbody=\toks22
\multlinegap=\skip51
\multlinetaggap=\skip52
\mathdisplay@stack=\toks23
LaTeX Info: Redefining \[ on input line 2953.
LaTeX Info: Redefining \] on input line 2954.
)
(C:\Users\sesto\AppData\Local\Programs\MiKTeX\tex/latex/base\latexsym.sty
Package: latexsym 1998/08/17 v2.2e Standard LaTeX package (lasy symbols)
\symlasy=\mathgroup6
LaTeX Font Info:    Overwriting symbol font `lasy' in version `bold'
(Font)                  U/lasy/m/n --> U/lasy/b/n on input line 52.
)
(C:\Users\sesto\AppData\Local\Programs\MiKTeX\tex/latex/csquotes\csquotes.sty
Package: csquotes 2022-09-14 v5.2n context-sensitive quotations (JAW)

(C:\Users\sesto\AppData\Local\Programs\MiKTeX\tex/latex/etoolbox\etoolbox.sty
Package: etoolbox 2020/10/05 v2.5k e-TeX tools for LaTeX (JAW)
\etb@tempcnta=\count275
)
(C:\Users\sesto\AppData\Local\Programs\MiKTeX\tex/latex/graphics\keyval.sty
Package: keyval 2022/05/29 v1.15 key=value parser (DPC)
\KV@toks@=\toks24
)
\csq@reset=\count276
\csq@gtype=\count277
\csq@glevel=\count278
\csq@qlevel=\count279
\csq@maxlvl=\count280
\csq@tshold=\count281
\csq@ltx@everypar=\toks25

(C:\Users\sesto\AppData\Local\Programs\MiKTeX\tex/latex/csquotes\csquotes.def
File: csquotes.def 2022-09-14 v5.2n csquotes generic definitions (JAW)
)
Package csquotes Info: Trying to load configuration file 'csquotes.cfg'...
Package csquotes Info: ... configuration file loaded successfully.

(C:\Users\sesto\AppData\Local\Programs\MiKTeX\tex/latex/csquotes\csquotes.cfg
File: csquotes.cfg 
)) (C:\Users\sesto\AppData\Local\Programs\MiKTeX\tex/latex/biblatex\biblatex.st
y
Package: biblatex 2023/03/05 v3.19 programmable bibliographies (PK/MW)

(C:\Users\sesto\AppData\Local\Programs\MiKTeX\tex/generic/pdftexcmds\pdftexcmds
.sty
Package: pdftexcmds 2020-06-27 v0.33 Utility functions of pdfTeX for LuaTeX (HO
)

(C:\Users\sesto\AppData\Local\Programs\MiKTeX\tex/generic/infwarerr\infwarerr.s
ty
Package: infwarerr 2019/12/03 v1.5 Providing info/warning/error messages (HO)
) (C:\Users\sesto\AppData\Local\Programs\MiKTeX\tex/generic/iftex\iftex.sty
Package: iftex 2022/02/03 v1.0f TeX engine tests
)
(C:\Users\sesto\AppData\Local\Programs\MiKTeX\tex/generic/ltxcmds\ltxcmds.sty
Package: ltxcmds 2023-12-04 v1.26 LaTeX kernel commands for general use (HO)
)
Package pdftexcmds Info: \pdf@primitive is available.
Package pdftexcmds Info: \pdf@ifprimitive is available.
Package pdftexcmds Info: \pdfdraftmode found.
)
(C:\Users\sesto\AppData\Local\Programs\MiKTeX\tex/latex/kvoptions\kvoptions.sty
Package: kvoptions 2022-06-15 v3.15 Key value format for package options (HO)

(C:\Users\sesto\AppData\Local\Programs\MiKTeX\tex/latex/kvsetkeys\kvsetkeys.sty
Package: kvsetkeys 2022-10-05 v1.19 Key value parser (HO)
)) (C:\Users\sesto\AppData\Local\Programs\MiKTeX\tex/latex/logreq\logreq.sty
Package: logreq 2010/08/04 v1.0 xml request logger
\lrq@indent=\count282

(C:\Users\sesto\AppData\Local\Programs\MiKTeX\tex/latex/logreq\logreq.def
File: logreq.def 2010/08/04 v1.0 logreq spec v1.0
))
(C:\Users\sesto\AppData\Local\Programs\MiKTeX\tex/latex/base\ifthen.sty
Package: ifthen 2022/04/13 v1.1d Standard LaTeX ifthen package (DPC)
)
(C:\Users\sesto\AppData\Local\Programs\MiKTeX\tex/latex/url\url.sty
\Urlmuskip=\muskip17
Package: url 2013/09/16  ver 3.4  Verb mode for urls, etc.
)
\c@tabx@nest=\count283
\c@listtotal=\count284
\c@listcount=\count285
\c@liststart=\count286
\c@liststop=\count287
\c@citecount=\count288
\c@citetotal=\count289
\c@multicitecount=\count290
\c@multicitetotal=\count291
\c@instcount=\count292
\c@maxnames=\count293
\c@minnames=\count294
\c@maxitems=\count295
\c@minitems=\count296
\c@citecounter=\count297
\c@maxcitecounter=\count298
\c@savedcitecounter=\count299
\c@uniquelist=\count300
\c@uniquename=\count301
\c@refsection=\count302
\c@refsegment=\count303
\c@maxextratitle=\count304
\c@maxextratitleyear=\count305
\c@maxextraname=\count306
\c@maxextradate=\count307
\c@maxextraalpha=\count308
\c@abbrvpenalty=\count309
\c@highnamepenalty=\count310
\c@lownamepenalty=\count311
\c@maxparens=\count312
\c@parenlevel=\count313
\blx@tempcnta=\count314
\blx@tempcntb=\count315
\blx@tempcntc=\count316
\c@blx@maxsection=\count317
\blx@maxsegment@0=\count318
\blx@notetype=\count319
\blx@parenlevel@text=\count320
\blx@parenlevel@foot=\count321
\blx@sectionciteorder@0=\count322
\blx@sectionciteorderinternal@0=\count323
\blx@entrysetcounter=\count324
\blx@biblioinstance=\count325
\labelnumberwidth=\skip53
\labelalphawidth=\skip54
\biblabelsep=\skip55
\bibitemsep=\skip56
\bibnamesep=\skip57
\bibinitsep=\skip58
\bibparsep=\skip59
\bibhang=\skip60
\blx@bcfin=\read3
\blx@bcfout=\write3
\blx@langwohyphens=\language80
\c@mincomprange=\count326
\c@maxcomprange=\count327
\c@mincompwidth=\count328
Package biblatex Info: Trying to load biblatex default data model...
Package biblatex Info: ... file 'blx-dm.def' found.

(C:\Users\sesto\AppData\Local\Programs\MiKTeX\tex/latex/biblatex\blx-dm.def
File: blx-dm.def 2023/03/05 v3.19 biblatex localization (PK/MW)
)
Package biblatex Info: Trying to load biblatex style data model...
Package biblatex Info: ... file 'apa.dbx' found.

(C:\Users\sesto\AppData\Local\Programs\MiKTeX\tex/latex/biblatex-apa\apa.dbx
File: apa.dbx 2023/03/20 v9.17 APA biblatex style data model
)
Package biblatex Info: Trying to load biblatex custom data model...
Package biblatex Info: ... file 'biblatex-dm.cfg' not found.
\c@afterword=\count329
\c@savedafterword=\count330
\c@annotator=\count331
\c@savedannotator=\count332
\c@author=\count333
\c@savedauthor=\count334
\c@bookauthor=\count335
\c@savedbookauthor=\count336
\c@commentator=\count337
\c@savedcommentator=\count338
\c@editor=\count339
\c@savededitor=\count340
\c@editora=\count341
\c@savededitora=\count342
\c@editorb=\count343
\c@savededitorb=\count344
\c@editorc=\count345
\c@savededitorc=\count346
\c@foreword=\count347
\c@savedforeword=\count348
\c@holder=\count349
\c@savedholder=\count350
\c@introduction=\count351
\c@savedintroduction=\count352
\c@namea=\count353
\c@savednamea=\count354
\c@nameb=\count355
\c@savednameb=\count356
\c@namec=\count357
\c@savednamec=\count358
\c@translator=\count359
\c@savedtranslator=\count360
\c@shortauthor=\count361
\c@savedshortauthor=\count362
\c@shorteditor=\count363
\c@savedshorteditor=\count364
\c@narrator=\count365
\c@savednarrator=\count366
\c@execproducer=\count367
\c@savedexecproducer=\count368
\c@execdirector=\count369
\c@savedexecdirector=\count370
\c@with=\count371
\c@savedwith=\count372
\c@labelname=\count373
\c@savedlabelname=\count374
\c@institution=\count375
\c@savedinstitution=\count376
\c@lista=\count377
\c@savedlista=\count378
\c@listb=\count379
\c@savedlistb=\count380
\c@listc=\count381
\c@savedlistc=\count382
\c@listd=\count383
\c@savedlistd=\count384
\c@liste=\count385
\c@savedliste=\count386
\c@listf=\count387
\c@savedlistf=\count388
\c@location=\count389
\c@savedlocation=\count390
\c@organization=\count391
\c@savedorganization=\count392
\c@origlocation=\count393
\c@savedoriglocation=\count394
\c@origpublisher=\count395
\c@savedorigpublisher=\count396
\c@publisher=\count397
\c@savedpublisher=\count398
\c@language=\count399
\c@savedlanguage=\count400
\c@origlanguage=\count401
\c@savedoriglanguage=\count402
\c@citation=\count403
\c@savedcitation=\count404
\c@pageref=\count405
\c@savedpageref=\count406
\shorthandwidth=\skip61
\shortjournalwidth=\skip62
\shortserieswidth=\skip63
\shorttitlewidth=\skip64
\shortauthorwidth=\skip65
\shorteditorwidth=\skip66
\locallabelnumberwidth=\skip67
\locallabelalphawidth=\skip68
\localshorthandwidth=\skip69
\localshortjournalwidth=\skip70
\localshortserieswidth=\skip71
\localshorttitlewidth=\skip72
\localshortauthorwidth=\skip73
\localshorteditorwidth=\skip74
Package biblatex Info: Trying to load compatibility code...
Package biblatex Info: ... file 'blx-compat.def' found.

(C:\Users\sesto\AppData\Local\Programs\MiKTeX\tex/latex/biblatex\blx-compat.def
File: blx-compat.def 2023/03/05 v3.19 biblatex compatibility (PK/MW)
)
Package biblatex Info: Trying to load generic definitions...
Package biblatex Info: ... file 'biblatex.def' found.
 (C:\Users\sesto\AppData\Local\Programs\MiKTeX\tex/latex/biblatex\biblatex.def
File: biblatex.def 2023/03/05 v3.19 biblatex compatibility (PK/MW)
\c@textcitecount=\count407
\c@textcitetotal=\count408
\c@textcitemaxnames=\count409
\c@biburlbigbreakpenalty=\count410
\c@biburlbreakpenalty=\count411
\c@biburlnumpenalty=\count412
\c@biburlucpenalty=\count413
\c@biburllcpenalty=\count414
\biburlbigskip=\muskip18
\biburlnumskip=\muskip19
\biburlucskip=\muskip20
\biburllcskip=\muskip21
\c@smartand=\count415
)
Package biblatex Info: Trying to load bibliography style 'apa'...
Package biblatex Info: ... file 'apa.bbx' found.
 (C:\Users\sesto\AppData\Local\Programs\MiKTeX\tex/latex/biblatex-apa\apa.bbx
File: apa.bbx 2023/03/20 v9.17 APA biblatex references style
Package biblatex Info: Trying to load bibliography style 'standard'...
Package biblatex Info: ... file 'standard.bbx' found.

(C:\Users\sesto\AppData\Local\Programs\MiKTeX\tex/latex/biblatex/bbx\standard.b
bx
File: standard.bbx 2023/03/05 v3.19 biblatex bibliography style (PK/MW)
\c@bbx:relatedcount=\count416
\c@bbx:relatedtotal=\count417
)
Package biblatex Info: Delimiter 'nameyeardelim' in context 'bib' already defin
ed, overwriting.
Package biblatex Info: Delimiter 'nameyeardelim' in context 'biblist' already d
efined, overwriting.
Package biblatex Info: Delimiter 'nonameyeardelim' in context 'bib' already def
ined, overwriting.
Package biblatex Info: Delimiter 'nonameyeardelim' in context 'biblist' already
 defined, overwriting.
)
Package biblatex Info: Trying to load citation style 'apa'...
Package biblatex Info: ... file 'apa.cbx' found.

(C:\Users\sesto\AppData\Local\Programs\MiKTeX\tex/latex/biblatex-apa\apa.cbx
File: apa.cbx 2023/03/20 v9.17 APA biblatex citation style
Package biblatex Info: Delimiter 'nameyeardelim' in context '' already defined,
 overwriting.
Package biblatex Info: Delimiter 'andothersdelim' in context '' already defined
, overwriting.
Package biblatex Info: Redefining '\fullcite'.
Package biblatex Info: Redefining '\citeauthor'.
Package biblatex Info: Redefining '\citeyear'.
Package biblatex Info: Redefining '\cite'.
Package biblatex Info: Redefining '\cites'.
Package biblatex Info: Redefining '\parencite'.
Package biblatex Info: Redefining '\parencites'.
Package biblatex Info: Redefining '\footcite'.
Package biblatex Info: Redefining '\footcites'.
Package biblatex Info: Redefining '\footcitetext'.
Package biblatex Info: Redefining '\footcitetexts'.
Package biblatex Info: Redefining '\smartcite'.
Package biblatex Info: Redefining '\smartcites'.
Package biblatex Info: Redefining '\textcite'.
Package biblatex Info: Redefining '\textcites'.
)
Package biblatex Info: Trying to load configuration file...
Package biblatex Info: ... file 'biblatex.cfg' found.

(C:\Users\sesto\AppData\Local\Programs\MiKTeX\tex/latex/biblatex\biblatex.cfg
File: biblatex.cfg 
)
Package biblatex Info: Input encoding 'utf8' detected.
Package biblatex Info: Document encoding is UTF8 ....

(C:\Users\sesto\AppData\Local\Programs\MiKTeX\tex/latex/l3kernel\expl3.sty
Package: expl3 2023-08-29 L3 programming layer (loader) 

(C:\Users\sesto\AppData\Local\Programs\MiKTeX\tex/latex/l3backend\l3backend-pdf
tex.def
File: l3backend-pdftex.def 2023-04-19 L3 backend support: PDF output (pdfTeX)
\l__color_backend_stack_int=\count418
\l__pdf_internal_box=\box53
))
Package biblatex Info: ... and expl3
(biblatex)             2023-08-29 L3 programming layer (loader) 
(biblatex)             is new enough (at least 2020/04/06),
(biblatex)             setting 'casechanger=expl3'.

(C:\Users\sesto\AppData\Local\Programs\MiKTeX\tex/latex/biblatex\blx-case-expl3
.sty
(C:\Users\sesto\AppData\Local\Programs\MiKTeX\tex/latex/l3packages/xparse\xpars
e.sty
Package: xparse 2023-08-29 L3 Experimental document command parser
)
Package: blx-case-expl3 2023/03/05 v3.19 expl3 case changing code for biblatex
))
(C:\Users\sesto\AppData\Local\Programs\MiKTeX\tex/latex/hyperref\hyperref.sty
Package: hyperref 2023-07-08 v7.01b Hypertext links for LaTeX

(C:\Users\sesto\AppData\Local\Programs\MiKTeX\tex/generic/kvdefinekeys\kvdefine
keys.sty
Package: kvdefinekeys 2019-12-19 v1.6 Define keys (HO)
)
(C:\Users\sesto\AppData\Local\Programs\MiKTeX\tex/generic/pdfescape\pdfescape.s
ty
Package: pdfescape 2019/12/09 v1.15 Implements pdfTeX's escape features (HO)
) (C:\Users\sesto\AppData\Local\Programs\MiKTeX\tex/latex/hycolor\hycolor.sty
Package: hycolor 2020-01-27 v1.10 Color options for hyperref/bookmark (HO)
)
(C:\Users\sesto\AppData\Local\Programs\MiKTeX\tex/latex/letltxmacro\letltxmacro
.sty
Package: letltxmacro 2019/12/03 v1.6 Let assignment for LaTeX macros (HO)
)
(C:\Users\sesto\AppData\Local\Programs\MiKTeX\tex/latex/auxhook\auxhook.sty
Package: auxhook 2019-12-17 v1.6 Hooks for auxiliary files (HO)
)
(C:\Users\sesto\AppData\Local\Programs\MiKTeX\tex/latex/hyperref\nameref.sty
Package: nameref 2023-08-07 v2.53 Cross-referencing by name of section

(C:\Users\sesto\AppData\Local\Programs\MiKTeX\tex/latex/refcount\refcount.sty
Package: refcount 2019/12/15 v3.6 Data extraction from label references (HO)
)
(C:\Users\sesto\AppData\Local\Programs\MiKTeX\tex/generic/gettitlestring\gettit
lestring.sty
Package: gettitlestring 2019/12/15 v1.6 Cleanup title references (HO)
)
\c@section@level=\count419
)
\@linkdim=\dimen151
\Hy@linkcounter=\count420
\Hy@pagecounter=\count421

(C:\Users\sesto\AppData\Local\Programs\MiKTeX\tex/latex/hyperref\pd1enc.def
File: pd1enc.def 2023-07-08 v7.01b Hyperref: PDFDocEncoding definition (HO)
Now handling font encoding PD1 ...
... no UTF-8 mapping file for font encoding PD1
)
(C:\Users\sesto\AppData\Local\Programs\MiKTeX\tex/generic/intcalc\intcalc.sty
Package: intcalc 2019/12/15 v1.3 Expandable calculations with integers (HO)
)
\Hy@SavedSpaceFactor=\count422

(C:\Users\sesto\AppData\Local\Programs\MiKTeX\tex/latex/hyperref\puenc.def
File: puenc.def 2023-07-08 v7.01b Hyperref: PDF Unicode definition (HO)
Now handling font encoding PU ...
... no UTF-8 mapping file for font encoding PU
)
Package hyperref Info: Hyper figures OFF on input line 4167.
Package hyperref Info: Link nesting OFF on input line 4172.
Package hyperref Info: Hyper index ON on input line 4175.
Package hyperref Info: Plain pages OFF on input line 4182.
Package hyperref Info: Backreferencing OFF on input line 4187.
Package hyperref Info: Implicit mode ON; LaTeX internals redefined.
Package hyperref Info: Bookmarks ON on input line 4434.
\c@Hy@tempcnt=\count423
LaTeX Info: Redefining \url on input line 4772.
\XeTeXLinkMargin=\dimen152

(C:\Users\sesto\AppData\Local\Programs\MiKTeX\tex/generic/bitset\bitset.sty
Package: bitset 2019/12/09 v1.3 Handle bit-vector datatype (HO)

(C:\Users\sesto\AppData\Local\Programs\MiKTeX\tex/generic/bigintcalc\bigintcalc
.sty
Package: bigintcalc 2019/12/15 v1.5 Expandable calculations on big integers (HO
)
))
\Fld@menulength=\count424
\Field@Width=\dimen153
\Fld@charsize=\dimen154
Package hyperref Info: Hyper figures OFF on input line 6051.
Package hyperref Info: Link nesting OFF on input line 6056.
Package hyperref Info: Hyper index ON on input line 6059.
Package hyperref Info: backreferencing OFF on input line 6066.
Package hyperref Info: Link coloring OFF on input line 6071.
Package hyperref Info: Link coloring with OCG OFF on input line 6076.
Package hyperref Info: PDF/A mode OFF on input line 6081.

(C:\Users\sesto\AppData\Local\Programs\MiKTeX\tex/latex/base\atbegshi-ltx.sty
Package: atbegshi-ltx 2021/01/10 v1.0c Emulation of the original atbegshi
package with kernel methods
)
\Hy@abspage=\count425
\c@Item=\count426
\c@Hfootnote=\count427
)
Package hyperref Info: Driver (autodetected): hpdftex.
(C:\Users\sesto\AppData\Local\Programs\MiKTeX\tex/latex/hyperref\hpdftex.def
File: hpdftex.def 2023-07-08 v7.01b Hyperref driver for pdfTeX

(C:\Users\sesto\AppData\Local\Programs\MiKTeX\tex/latex/base\atveryend-ltx.sty
Package: atveryend-ltx 2020/08/19 v1.0a Emulation of the original atveryend pac
kage
with kernel methods
)
\Fld@listcount=\count428
\c@bookmark@seq@number=\count429

(C:\Users\sesto\AppData\Local\Programs\MiKTeX\tex/latex/rerunfilecheck\rerunfil
echeck.sty
Package: rerunfilecheck 2022-07-10 v1.10 Rerun checks for auxiliary files (HO)

(C:\Users\sesto\AppData\Local\Programs\MiKTeX\tex/generic/uniquecounter\uniquec
ounter.sty
Package: uniquecounter 2019/12/15 v1.4 Provide unlimited unique counter (HO)
)
Package uniquecounter Info: New unique counter `rerunfilecheck' on input line 2
85.
)
\Hy@SectionHShift=\skip75
)
(C:\Users\sesto\AppData\Local\Programs\MiKTeX\tex/latex/graphics\graphicx.sty
Package: graphicx 2021/09/16 v1.2d Enhanced LaTeX Graphics (DPC,SPQR)

(C:\Users\sesto\AppData\Local\Programs\MiKTeX\tex/latex/graphics\graphics.sty
Package: graphics 2022/03/10 v1.4e Standard LaTeX Graphics (DPC,SPQR)

(C:\Users\sesto\AppData\Local\Programs\MiKTeX\tex/latex/graphics\trig.sty
Package: trig 2021/08/11 v1.11 sin cos tan (DPC)
)
(C:\Users\sesto\AppData\Local\Programs\MiKTeX\tex/latex/graphics-cfg\graphics.c
fg
File: graphics.cfg 2016/06/04 v1.11 sample graphics configuration
)
Package graphics Info: Driver file: pdftex.def on input line 107.

(C:\Users\sesto\AppData\Local\Programs\MiKTeX\tex/latex/graphics-def\pdftex.def
File: pdftex.def 2022/09/22 v1.2b Graphics/color driver for pdftex
))
\Gin@req@height=\dimen155
\Gin@req@width=\dimen156
)
(C:\Users\sesto\AppData\Local\Programs\MiKTeX\tex/latex/fancyhdr\fancyhdr.sty
Package: fancyhdr 2022/11/09 v4.1 Extensive control of page headers and footers

\f@nch@headwidth=\skip76
\f@nch@O@elh=\skip77
\f@nch@O@erh=\skip78
\f@nch@O@olh=\skip79
\f@nch@O@orh=\skip80
\f@nch@O@elf=\skip81
\f@nch@O@erf=\skip82
\f@nch@O@olf=\skip83
\f@nch@O@orf=\skip84
)
(C:\Users\sesto\AppData\Local\Programs\MiKTeX\tex/latex/xcolor\xcolor.sty
Package: xcolor 2022/06/12 v2.14 LaTeX color extensions (UK)

(C:\Users\sesto\AppData\Local\Programs\MiKTeX\tex/latex/graphics-cfg\color.cfg
File: color.cfg 2016/01/02 v1.6 sample color configuration
)
Package xcolor Info: Driver file: pdftex.def on input line 227.
(C:\Users\sesto\AppData\Local\Programs\MiKTeX\tex/latex/graphics\mathcolor.ltx)
Package xcolor Info: Model `cmy' substituted by `cmy0' on input line 1353.
Package xcolor Info: Model `hsb' substituted by `rgb' on input line 1357.
Package xcolor Info: Model `RGB' extended on input line 1369.
Package xcolor Info: Model `HTML' substituted by `rgb' on input line 1371.
Package xcolor Info: Model `Hsb' substituted by `hsb' on input line 1372.
Package xcolor Info: Model `tHsb' substituted by `hsb' on input line 1373.
Package xcolor Info: Model `HSB' substituted by `hsb' on input line 1374.
Package xcolor Info: Model `Gray' substituted by `gray' on input line 1375.
Package xcolor Info: Model `wave' substituted by `hsb' on input line 1376.
) (C:\Users\sesto\AppData\Local\Programs\MiKTeX\tex/latex/setspace\setspace.sty
Package: setspace 2022/12/04 v6.7b set line spacing
) (C:\Users\sesto\AppData\Local\Programs\MiKTeX\tex/latex/booktabs\booktabs.sty
Package: booktabs 2020/01/12 v1.61803398 Publication quality tables
\heavyrulewidth=\dimen157
\lightrulewidth=\dimen158
\cmidrulewidth=\dimen159
\belowrulesep=\dimen160
\belowbottomsep=\dimen161
\aboverulesep=\dimen162
\abovetopsep=\dimen163
\cmidrulesep=\dimen164
\cmidrulekern=\dimen165
\defaultaddspace=\dimen166
\@cmidla=\count430
\@cmidlb=\count431
\@aboverulesep=\dimen167
\@belowrulesep=\dimen168
\@thisruleclass=\count432
\@lastruleclass=\count433
\@thisrulewidth=\dimen169
) (C:\Users\sesto\AppData\Local\Programs\MiKTeX\tex/latex/tools\longtable.sty
Package: longtable 2021-09-01 v4.17 Multi-page Table package (DPC)
\LTleft=\skip85
\LTright=\skip86
\LTpre=\skip87
\LTpost=\skip88
\LTchunksize=\count434
\LTcapwidth=\dimen170
\LT@head=\box54
\LT@firsthead=\box55
\LT@foot=\box56
\LT@lastfoot=\box57
\LT@gbox=\box58
\LT@cols=\count435
\LT@rows=\count436
\c@LT@tables=\count437
\c@LT@chunks=\count438
\LT@p@ftn=\toks26
)
(C:\Users\sesto\AppData\Local\Programs\MiKTeX\tex/latex/base\textcomp.sty
Package: textcomp 2020/02/02 v2.0n Standard LaTeX package
)
(C:\Users\sesto\AppData\Local\Programs\MiKTeX\tex/latex/base\makeidx.sty
Package: makeidx 2021/10/04 v1.0m Standard LaTeX package
)
(C:\Users\sesto\AppData\Local\Programs\MiKTeX\tex/latex/tools\bm.sty
Package: bm 2022/01/05 v1.2f Bold Symbol Support (DPC/FMi)
\symboldoperators=\mathgroup7
\symboldletters=\mathgroup8
\symboldsymbols=\mathgroup9
Package bm Info: No bold for \OMX/cmex/m/n, using \pmb.
Package bm Info: No bold for \U/msa/m/n, using \pmb.
Package bm Info: No bold for \U/msb/m/n, using \pmb.
\symboldlasy=\mathgroup10
LaTeX Font Info:    Redeclaring math alphabet \mathbf on input line 149.
)
(C:\Users\sesto\AppData\Local\Programs\MiKTeX\tex/latex/pdfpages\pdfpages.sty
Package: pdfpages 2022/12/19 v0.5x Insert pages of external PDF documents (AM)

(C:\Users\sesto\AppData\Local\Programs\MiKTeX\tex/latex/tools\calc.sty
Package: calc 2017/05/25 v4.3 Infix arithmetic (KKT,FJ)
\calc@Acount=\count439
\calc@Bcount=\count440
\calc@Adimen=\dimen171
\calc@Bdimen=\dimen172
\calc@Askip=\skip89
\calc@Bskip=\skip90
LaTeX Info: Redefining \setlength on input line 80.
LaTeX Info: Redefining \addtolength on input line 81.
\calc@Ccount=\count441
\calc@Cskip=\skip91
)
(C:\Users\sesto\AppData\Local\Programs\MiKTeX\tex/latex/eso-pic\eso-pic.sty
Package: eso-pic 2023/05/03 v3.0c eso-pic (RN)
\ESO@tempdima=\dimen173
\ESO@tempdimb=\dimen174
)
\AM@pagewidth=\dimen175
\AM@pageheight=\dimen176
\AM@fboxrule=\dimen177

(C:\Users\sesto\AppData\Local\Programs\MiKTeX\tex/latex/pdfpages\pppdftex.def
File: pppdftex.def 2022/12/19 v0.5x Pdfpages driver for pdfTeX (AM)
)
\pdfpages@includegraphics@status=\count442
\AM@pagebox=\box59
\AM@global@opts=\toks27
\AM@pagecnt=\count443
\AM@toc@title=\toks28
\AM@lof@heading=\toks29
\c@AM@survey=\count444
\AM@templatesizebox=\box60
) (C:\Users\sesto\AppData\Local\Programs\MiKTeX\tex/latex/base\fontenc.sty
Package: fontenc 2021/04/29 v2.0v Standard LaTeX package
)
(C:\Users\sesto\AppData\Local\Programs\MiKTeX\tex/latex/psnfss\mathptmx.sty
Package: mathptmx 2020/03/25 PSNFSS-v9.3 Times w/ Math, improved (SPQR, WaS) 
LaTeX Font Info:    Redeclaring symbol font `operators' on input line 28.
LaTeX Font Info:    Overwriting symbol font `operators' in version `normal'
(Font)                  OT1/cmr/m/n --> OT1/ztmcm/m/n on input line 28.
LaTeX Font Info:    Overwriting symbol font `operators' in version `bold'
(Font)                  OT1/cmr/bx/n --> OT1/ztmcm/m/n on input line 28.
LaTeX Font Info:    Redeclaring symbol font `letters' on input line 29.
LaTeX Font Info:    Overwriting symbol font `letters' in version `normal'
(Font)                  OML/cmm/m/it --> OML/ztmcm/m/it on input line 29.
LaTeX Font Info:    Overwriting symbol font `letters' in version `bold'
(Font)                  OML/cmm/b/it --> OML/ztmcm/m/it on input line 29.
LaTeX Font Info:    Redeclaring symbol font `symbols' on input line 30.
LaTeX Font Info:    Overwriting symbol font `symbols' in version `normal'
(Font)                  OMS/cmsy/m/n --> OMS/ztmcm/m/n on input line 30.
LaTeX Font Info:    Overwriting symbol font `symbols' in version `bold'
(Font)                  OMS/cmsy/b/n --> OMS/ztmcm/m/n on input line 30.
LaTeX Font Info:    Redeclaring symbol font `largesymbols' on input line 31.
LaTeX Font Info:    Overwriting symbol font `largesymbols' in version `normal'
(Font)                  OMX/cmex/m/n --> OMX/ztmcm/m/n on input line 31.
LaTeX Font Info:    Overwriting symbol font `largesymbols' in version `bold'
(Font)                  OMX/cmex/m/n --> OMX/ztmcm/m/n on input line 31.
\symbold=\mathgroup11
\symitalic=\mathgroup12
LaTeX Font Info:    Redeclaring math alphabet \mathbf on input line 34.
LaTeX Font Info:    Redeclaring math alphabet \mathit on input line 35.
LaTeX Font Info:    Overwriting math alphabet `\mathit' in version `normal'
(Font)                  OT1/cmr/m/it --> OT1/ptm/m/it on input line 35.
LaTeX Font Info:    Overwriting math alphabet `\mathit' in version `bold'
(Font)                  OT1/cmr/bx/it --> OT1/ptm/m/it on input line 35.
LaTeX Info: Redefining \hbar on input line 50.
)
(C:\Users\sesto\AppData\Local\Programs\MiKTeX\tex/latex/geometry\geometry.sty
Package: geometry 2020/01/02 v5.9 Page Geometry

(C:\Users\sesto\AppData\Local\Programs\MiKTeX\tex/generic/iftex\ifvtex.sty
Package: ifvtex 2019/10/25 v1.7 ifvtex legacy package. Use iftex instead.
)
\Gm@cnth=\count445
\Gm@cntv=\count446
\c@Gm@tempcnt=\count447
\Gm@bindingoffset=\dimen178
\Gm@wd@mp=\dimen179
\Gm@odd@mp=\dimen180
\Gm@even@mp=\dimen181
\Gm@layoutwidth=\dimen182
\Gm@layoutheight=\dimen183
\Gm@layouthoffset=\dimen184
\Gm@layoutvoffset=\dimen185
\Gm@dimlist=\toks30

(C:\Users\sesto\AppData\Local\Programs\MiKTeX\tex/latex/geometry\geometry.cfg))
\c@defn=\count448
   defining Unicode char U+0301 (decimal 769)
\@indexfile=\write4
\openout4 = `"Tesis (Version Definitiva).idx"'.

Writing index file "Tesis (Version Definitiva)".idx
Package csquotes Info: Checking for multilingual support...
Package csquotes Info: ... found 'babel' package.
Package csquotes Info: Adjusting default style.
Package csquotes Info: Redefining alias 'default' -> 'spanish'.
LaTeX Font Info:    Trying to load font information for T1+ptm on input line 91
.
(C:\Users\sesto\AppData\Local\Programs\MiKTeX\tex/latex/psnfss\t1ptm.fd
File: t1ptm.fd 2001/06/04 font definitions for T1/ptm.
)
(Tesis (Version Definitiva).aux
LaTeX Info: Redefining \. on input line 23.
LaTeX Info: Redefining \% on input line 23.
)
\openout1 = `"Tesis (Version Definitiva).aux"'.

LaTeX Font Info:    Checking defaults for OML/cmm/m/it on input line 91.
LaTeX Font Info:    ... okay on input line 91.
LaTeX Font Info:    Checking defaults for OMS/cmsy/m/n on input line 91.
LaTeX Font Info:    ... okay on input line 91.
LaTeX Font Info:    Checking defaults for OT1/cmr/m/n on input line 91.
LaTeX Font Info:    ... okay on input line 91.
LaTeX Font Info:    Checking defaults for T1/cmr/m/n on input line 91.
LaTeX Font Info:    ... okay on input line 91.
LaTeX Font Info:    Checking defaults for TS1/cmr/m/n on input line 91.
LaTeX Font Info:    ... okay on input line 91.
LaTeX Font Info:    Checking defaults for OMX/cmex/m/n on input line 91.
LaTeX Font Info:    ... okay on input line 91.
LaTeX Font Info:    Checking defaults for U/cmr/m/n on input line 91.
LaTeX Font Info:    ... okay on input line 91.
LaTeX Font Info:    Checking defaults for PD1/pdf/m/n on input line 91.
LaTeX Font Info:    ... okay on input line 91.
LaTeX Font Info:    Checking defaults for PU/pdf/m/n on input line 91.
LaTeX Font Info:    ... okay on input line 91.
LaTeX Info: Redefining \. on input line 91.
LaTeX Info: Redefining \% on input line 91.
Package biblatex Info: Trying to load language 'spanish' -> 'spanish-apa'...
Package biblatex Info: ... file 'spanish-apa.lbx' found.

(C:\Users\sesto\AppData\Local\Programs\MiKTeX\tex/latex/biblatex-apa\spanish-ap
a.lbx
File: spanish-apa.lbx 2023/03/20 v9.17 APA biblatex localisation
Package biblatex Info: Trying to load language 'spanish'...
Package biblatex Info: ... file 'spanish.lbx' found.

(C:\Users\sesto\AppData\Local\Programs\MiKTeX\tex/latex/biblatex/lbx\spanish.lb
x
File: spanish.lbx 2023/03/05 v3.19 biblatex localization (PK/MW)
)
Package biblatex Info: Trying to load language 'spanish'...
Package biblatex Info: ... file 'spanish.lbx' found.

(C:\Users\sesto\AppData\Local\Programs\MiKTeX\tex/latex/biblatex/lbx\spanish.lb
x
File: spanish.lbx 2023/03/05 v3.19 biblatex localization (PK/MW)
))
Package biblatex Info: Input encoding 'utf8' detected.
Package biblatex Info: Automatic encoding selection.
(biblatex)             Assuming data encoding 'utf8'.
\openout3 = `"Tesis (Version Definitiva).bcf"'.

Package biblatex Info: Trying to load bibliographic data...
Package biblatex Info: ... file '"Tesis (Version Definitiva)".bbl' found.
 (Tesis (Version Definitiva).bbl)
Package biblatex Info: Reference section=0 on input line 91.
Package biblatex Info: Reference segment=0 on input line 91.
Package hyperref Info: Link coloring OFF on input line 91.
 (Tesis (Version Definitiva).out)
(Tesis (Version Definitiva).out)
\@outlinefile=\write5
\openout5 = `"Tesis (Version Definitiva).out"'.


(C:\Users\sesto\AppData\Local\Programs\MiKTeX\tex/context/base/mkii\supp-pdf.mk
ii
[Loading MPS to PDF converter (version 2006.09.02).]
\scratchcounter=\count449
\scratchdimen=\dimen186
\scratchbox=\box61
\nofMPsegments=\count450
\nofMParguments=\count451
\everyMPshowfont=\toks31
\MPscratchCnt=\count452
\MPscratchDim=\dimen187
\MPnumerator=\count453
\makeMPintoPDFobject=\count454
\everyMPtoPDFconversion=\toks32
)
(C:\Users\sesto\AppData\Local\Programs\MiKTeX\tex/latex/epstopdf-pkg\epstopdf-b
ase.sty
Package: epstopdf-base 2020-01-24 v2.11 Base part for package epstopdf
Package epstopdf-base Info: Redefining graphics rule for `.eps' on input line 4
85.

(C:\Users\sesto\AppData\Local\Programs\MiKTeX\tex/latex/00miktex\epstopdf-sys.c
fg
File: epstopdf-sys.cfg 2021/03/18 v2.0 Configuration of epstopdf for MiKTeX
))
(C:\Users\sesto\AppData\Local\Programs\MiKTeX\tex/latex/pdflscape\pdflscape.sty
Package: pdflscape 2022-10-27 v0.13 Display of landscape pages in PDF

(C:\Users\sesto\AppData\Local\Programs\MiKTeX\tex/latex/pdflscape\pdflscape-nom
etadata.sty
Package: pdflscape-nometadata 2022-10-28 v0.13 Display of landscape pages in PD
F (HO)

(C:\Users\sesto\AppData\Local\Programs\MiKTeX\tex/latex/graphics\lscape.sty
Package: lscape 2020/05/28 v3.02 Landscape Pages (DPC)
)
Package pdflscape Info: Auto-detected driver: pdftex on input line 81.
))
*geometry* driver: auto-detecting
*geometry* detected driver: pdftex
*geometry* verbose mode - [ preamble ] result:
* driver: pdftex
* paper: a4paper
* layout: <same size as paper>
* layoutoffset:(h,v)=(0.0pt,0.0pt)
* modes: 
* h-part:(L,W,R)=(85.35826pt, 441.01773pt, 71.13188pt)
* v-part:(T,H,B)=(99.58464pt, 660.10394pt, 85.35826pt)
* \paperwidth=597.50787pt
* \paperheight=845.04684pt
* \textwidth=441.01773pt
* \textheight=660.10394pt
* \oddsidemargin=13.08827pt
* \evensidemargin=13.08827pt
* \topmargin=-9.68535pt
* \headheight=14.22636pt
* \headsep=25.0pt
* \topskip=12.0pt
* \footskip=30.0pt
* \marginparwidth=35.0pt
* \marginparsep=10.0pt
* \columnsep=10.0pt
* \skip\footins=10.8pt plus 4.0pt minus 2.0pt
* \hoffset=0.0pt
* \voffset=0.0pt
* \mag=1000
* \@twocolumnfalse
* \@twosidefalse
* \@mparswitchfalse
* \@reversemarginfalse
* (1in=72.27pt=25.4mm, 1cm=28.453pt)

(0_1_Caratula/Caratula.tex
<0_1_Caratula/austral_logo.jpg, id=207, 5018.75pt x 1843.88875pt>
File: 0_1_Caratula/austral_logo.jpg Graphic file (type jpg)
<use 0_1_Caratula/austral_logo.jpg>
Package pdftex.def Info: 0_1_Caratula/austral_logo.jpg  used on input line 9.
(pdftex.def)             Requested size: 123.48442pt x 155.70152pt.
) [1

{C:/Users/sesto/AppData/Local/MiKTeX/fonts/map/pdftex/pdftex.map}{C:/Users/sest
o/AppData/Local/Programs/MiKTeX/fonts/enc/dvips/base/8r.enc} <./0_1_Caratula/au
stral_logo.jpg>]
LaTeX Font Info:    Trying to load font information for OT1+ztmcm on input line
 111.

(C:\Users\sesto\AppData\Local\Programs\MiKTeX\tex/latex/psnfss\ot1ztmcm.fd
File: ot1ztmcm.fd 2000/01/03 Fontinst v1.801 font definitions for OT1/ztmcm.
)
LaTeX Font Info:    Trying to load font information for OML+ztmcm on input line
 111.

(C:\Users\sesto\AppData\Local\Programs\MiKTeX\tex/latex/psnfss\omlztmcm.fd
File: omlztmcm.fd 2000/01/03 Fontinst v1.801 font definitions for OML/ztmcm.
)
LaTeX Font Info:    Trying to load font information for OMS+ztmcm on input line
 111.

(C:\Users\sesto\AppData\Local\Programs\MiKTeX\tex/latex/psnfss\omsztmcm.fd
File: omsztmcm.fd 2000/01/03 Fontinst v1.801 font definitions for OMS/ztmcm.
)
LaTeX Font Info:    Trying to load font information for OMX+ztmcm on input line
 111.

(C:\Users\sesto\AppData\Local\Programs\MiKTeX\tex/latex/psnfss\omxztmcm.fd
File: omxztmcm.fd 2000/01/03 Fontinst v1.801 font definitions for OMX/ztmcm.
)
LaTeX Font Info:    Trying to load font information for U+lasy on input line 11
1.

(C:\Users\sesto\AppData\Local\Programs\MiKTeX\tex/latex/base\ulasy.fd
File: ulasy.fd 1998/08/17 v2.2e LaTeX symbol font definitions
)
LaTeX Font Info:    Font shape `U/lasy/b/n' in size <9> not available
(Font)              Font shape `U/lasy/m/n' tried instead on input line 111.
LaTeX Font Info:    Font shape `U/lasy/b/n' in size <7> not available
(Font)              Font shape `U/lasy/m/n' tried instead on input line 111.
LaTeX Font Info:    Trying to load font information for OT1+ptm on input line 1
11.

(C:\Users\sesto\AppData\Local\Programs\MiKTeX\tex/latex/psnfss\ot1ptm.fd
File: ot1ptm.fd 2001/06/04 font definitions for OT1/ptm.
)
LaTeX Font Info:    Font shape `OT1/ptm/bx/n' in size <12> not available
(Font)              Font shape `OT1/ptm/b/n' tried instead on input line 111.
LaTeX Font Info:    Font shape `OT1/ptm/bx/n' in size <9> not available
(Font)              Font shape `OT1/ptm/b/n' tried instead on input line 111.
LaTeX Font Info:    Font shape `OT1/ptm/bx/n' in size <7> not available
(Font)              Font shape `OT1/ptm/b/n' tried instead on input line 111.

[2] (Tesis (Version Definitiva).toc
LaTeX Info: Redefining \sptext on input line 1.
LaTeX Info: Redefining \. on input line 1.
LaTeX Info: Redefining \% on input line 1.
 [3

]
LaTeX Info: Redefining \sptext on input line 40.
LaTeX Info: Redefining \. on input line 40.
LaTeX Info: Redefining \% on input line 40.
File: 0_1_Caratula/austral_logo.jpg Graphic file (type jpg)
<use 0_1_Caratula/austral_logo.jpg>
Package pdftex.def Info: 0_1_Caratula/austral_logo.jpg  used on input line 40.
(pdftex.def)             Requested size: 113.81102pt x 41.80927pt.


Package fancyhdr Warning: \headheight is too small (14.22636pt): 
(fancyhdr)                Make it at least 15.13202pt, for example:
(fancyhdr)                \setlength{\headheight}{15.13202pt}.
(fancyhdr)                You might also make \topmargin smaller to compensate:

(fancyhdr)                \addtolength{\topmargin}{-0.90565pt}.

[4])
\tf@toc=\write6
\openout6 = `"Tesis (Version Definitiva).toc"'.

LaTeX Info: Redefining \. on input line 146.
LaTeX Info: Redefining \% on input line 146.
File: 0_1_Caratula/austral_logo.jpg Graphic file (type jpg)
<use 0_1_Caratula/austral_logo.jpg>
Package pdftex.def Info: 0_1_Caratula/austral_logo.jpg  used on input line 146.

(pdftex.def)             Requested size: 113.81102pt x 41.80927pt.


Package fancyhdr Warning: \headheight is too small (14.22636pt): 
(fancyhdr)                Make it at least 15.13202pt, for example:
(fancyhdr)                \setlength{\headheight}{15.13202pt}.
(fancyhdr)                You might also make \topmargin smaller to compensate:

(fancyhdr)                \addtolength{\topmargin}{-0.90565pt}.

[5] (0_5_Resumen/Resumen.tex [6] [7

]) (0_7_Introduccion/Introduccion.tex
LaTeX Info: Redefining \. on input line 1.
LaTeX Info: Redefining \% on input line 1.
File: 0_1_Caratula/austral_logo.jpg Graphic file (type jpg)
<use 0_1_Caratula/austral_logo.jpg>
Package pdftex.def Info: 0_1_Caratula/austral_logo.jpg  used on input line 1.
(pdftex.def)             Requested size: 113.81102pt x 41.80927pt.


Package fancyhdr Warning: \headheight is too small (14.22636pt): 
(fancyhdr)                Make it at least 14.49998pt, for example:
(fancyhdr)                \setlength{\headheight}{14.49998pt}.
(fancyhdr)                You might also make \topmargin smaller to compensate:

(fancyhdr)                \addtolength{\topmargin}{-0.27362pt}.

[8] [9

]
LaTeX Info: Redefining \. on input line 20.
LaTeX Info: Redefining \% on input line 20.
File: 0_1_Caratula/austral_logo.jpg Graphic file (type jpg)
<use 0_1_Caratula/austral_logo.jpg>
Package pdftex.def Info: 0_1_Caratula/austral_logo.jpg  used on input line 20.
(pdftex.def)             Requested size: 113.81102pt x 41.80927pt.


Package fancyhdr Warning: \headheight is too small (14.22636pt): 
(fancyhdr)                Make it at least 15.13202pt, for example:
(fancyhdr)                \setlength{\headheight}{15.13202pt}.
(fancyhdr)                You might also make \topmargin smaller to compensate:

(fancyhdr)                \addtolength{\topmargin}{-0.90565pt}.

[10]
LaTeX Info: Redefining \. on input line 32.
LaTeX Info: Redefining \% on input line 32.
File: 0_1_Caratula/austral_logo.jpg Graphic file (type jpg)
<use 0_1_Caratula/austral_logo.jpg>
Package pdftex.def Info: 0_1_Caratula/austral_logo.jpg  used on input line 32.
(pdftex.def)             Requested size: 113.81102pt x 41.80927pt.


Package fancyhdr Warning: \headheight is too small (14.22636pt): 
(fancyhdr)                Make it at least 15.13202pt, for example:
(fancyhdr)                \setlength{\headheight}{15.13202pt}.
(fancyhdr)                You might also make \topmargin smaller to compensate:

(fancyhdr)                \addtolength{\topmargin}{-0.90565pt}.

[11]) (1_Capitulo1/Capitulo1.tex
LaTeX Info: Redefining \. on input line 5.
LaTeX Info: Redefining \% on input line 5.
File: 0_1_Caratula/austral_logo.jpg Graphic file (type jpg)
<use 0_1_Caratula/austral_logo.jpg>
Package pdftex.def Info: 0_1_Caratula/austral_logo.jpg  used on input line 5.
(pdftex.def)             Requested size: 113.81102pt x 41.80927pt.


Package fancyhdr Warning: \headheight is too small (14.22636pt): 
(fancyhdr)                Make it at least 15.13202pt, for example:
(fancyhdr)                \setlength{\headheight}{15.13202pt}.
(fancyhdr)                You might also make \topmargin smaller to compensate:

(fancyhdr)                \addtolength{\topmargin}{-0.90565pt}.

[12]
Cap\'{\i }tulo 1.
[1

]
LaTeX Info: Redefining \. on input line 39.
LaTeX Info: Redefining \% on input line 39.
File: 0_1_Caratula/austral_logo.jpg Graphic file (type jpg)
<use 0_1_Caratula/austral_logo.jpg>
Package pdftex.def Info: 0_1_Caratula/austral_logo.jpg  used on input line 39.
(pdftex.def)             Requested size: 113.81102pt x 41.80927pt.


Package fancyhdr Warning: \headheight is too small (14.22636pt): 
(fancyhdr)                Make it at least 14.49998pt, for example:
(fancyhdr)                \setlength{\headheight}{14.49998pt}.
(fancyhdr)                You might also make \topmargin smaller to compensate:

(fancyhdr)                \addtolength{\topmargin}{-0.27362pt}.

[2]
LaTeX Info: Redefining \. on input line 53.
LaTeX Info: Redefining \% on input line 53.
File: 0_1_Caratula/austral_logo.jpg Graphic file (type jpg)
<use 0_1_Caratula/austral_logo.jpg>
Package pdftex.def Info: 0_1_Caratula/austral_logo.jpg  used on input line 53.
(pdftex.def)             Requested size: 113.81102pt x 41.80927pt.


Package fancyhdr Warning: \headheight is too small (14.22636pt): 
(fancyhdr)                Make it at least 14.49998pt, for example:
(fancyhdr)                \setlength{\headheight}{14.49998pt}.
(fancyhdr)                You might also make \topmargin smaller to compensate:

(fancyhdr)                \addtolength{\topmargin}{-0.27362pt}.

[3]
LaTeX Info: Redefining \. on input line 74.
LaTeX Info: Redefining \% on input line 74.
File: 0_1_Caratula/austral_logo.jpg Graphic file (type jpg)
<use 0_1_Caratula/austral_logo.jpg>
Package pdftex.def Info: 0_1_Caratula/austral_logo.jpg  used on input line 74.
(pdftex.def)             Requested size: 113.81102pt x 41.80927pt.


Package fancyhdr Warning: \headheight is too small (14.22636pt): 
(fancyhdr)                Make it at least 15.13202pt, for example:
(fancyhdr)                \setlength{\headheight}{15.13202pt}.
(fancyhdr)                You might also make \topmargin smaller to compensate:

(fancyhdr)                \addtolength{\topmargin}{-0.90565pt}.

[4])
LaTeX Info: Redefining \. on input line 167.
LaTeX Info: Redefining \% on input line 167.
File: 0_1_Caratula/austral_logo.jpg Graphic file (type jpg)
<use 0_1_Caratula/austral_logo.jpg>
Package pdftex.def Info: 0_1_Caratula/austral_logo.jpg  used on input line 167.

(pdftex.def)             Requested size: 113.81102pt x 41.80927pt.


Package fancyhdr Warning: \headheight is too small (14.22636pt): 
(fancyhdr)                Make it at least 15.13202pt, for example:
(fancyhdr)                \setlength{\headheight}{15.13202pt}.
(fancyhdr)                You might also make \topmargin smaller to compensate:

(fancyhdr)                \addtolength{\topmargin}{-0.90565pt}.

[5] (2_Capitulo2/Capitulo2.tex [6]
Cap\'{\i }tulo 2.
[7

]
LaTeX Info: Redefining \. on input line 24.
LaTeX Info: Redefining \% on input line 24.
File: 0_1_Caratula/austral_logo.jpg Graphic file (type jpg)
<use 0_1_Caratula/austral_logo.jpg>
Package pdftex.def Info: 0_1_Caratula/austral_logo.jpg  used on input line 24.
(pdftex.def)             Requested size: 113.81102pt x 41.80927pt.


Package fancyhdr Warning: \headheight is too small (14.22636pt): 
(fancyhdr)                Make it at least 15.13202pt, for example:
(fancyhdr)                \setlength{\headheight}{15.13202pt}.
(fancyhdr)                You might also make \topmargin smaller to compensate:

(fancyhdr)                \addtolength{\topmargin}{-0.90565pt}.

[8]
LaTeX Info: Redefining \. on input line 34.
LaTeX Info: Redefining \% on input line 34.
File: 0_1_Caratula/austral_logo.jpg Graphic file (type jpg)
<use 0_1_Caratula/austral_logo.jpg>
Package pdftex.def Info: 0_1_Caratula/austral_logo.jpg  used on input line 34.
(pdftex.def)             Requested size: 113.81102pt x 41.80927pt.


Package fancyhdr Warning: \headheight is too small (14.22636pt): 
(fancyhdr)                Make it at least 15.13202pt, for example:
(fancyhdr)                \setlength{\headheight}{15.13202pt}.
(fancyhdr)                You might also make \topmargin smaller to compensate:

(fancyhdr)                \addtolength{\topmargin}{-0.90565pt}.

[9]
LaTeX Info: Redefining \. on input line 62.
LaTeX Info: Redefining \% on input line 62.
File: 0_1_Caratula/austral_logo.jpg Graphic file (type jpg)
<use 0_1_Caratula/austral_logo.jpg>
Package pdftex.def Info: 0_1_Caratula/austral_logo.jpg  used on input line 62.
(pdftex.def)             Requested size: 113.81102pt x 41.80927pt.


Package fancyhdr Warning: \headheight is too small (14.22636pt): 
(fancyhdr)                Make it at least 15.13202pt, for example:
(fancyhdr)                \setlength{\headheight}{15.13202pt}.
(fancyhdr)                You might also make \topmargin smaller to compensate:

(fancyhdr)                \addtolength{\topmargin}{-0.90565pt}.

[10]
LaTeX Info: Redefining \. on input line 86.
LaTeX Info: Redefining \% on input line 86.
File: 0_1_Caratula/austral_logo.jpg Graphic file (type jpg)
<use 0_1_Caratula/austral_logo.jpg>
Package pdftex.def Info: 0_1_Caratula/austral_logo.jpg  used on input line 86.
(pdftex.def)             Requested size: 113.81102pt x 41.80927pt.


Package fancyhdr Warning: \headheight is too small (14.22636pt): 
(fancyhdr)                Make it at least 15.13202pt, for example:
(fancyhdr)                \setlength{\headheight}{15.13202pt}.
(fancyhdr)                You might also make \topmargin smaller to compensate:

(fancyhdr)                \addtolength{\topmargin}{-0.90565pt}.

[11]
LaTeX Info: Redefining \. on input line 109.
LaTeX Info: Redefining \% on input line 109.
File: 0_1_Caratula/austral_logo.jpg Graphic file (type jpg)
<use 0_1_Caratula/austral_logo.jpg>
Package pdftex.def Info: 0_1_Caratula/austral_logo.jpg  used on input line 109.

(pdftex.def)             Requested size: 113.81102pt x 41.80927pt.


Package fancyhdr Warning: \headheight is too small (14.22636pt): 
(fancyhdr)                Make it at least 15.13202pt, for example:
(fancyhdr)                \setlength{\headheight}{15.13202pt}.
(fancyhdr)                You might also make \topmargin smaller to compensate:

(fancyhdr)                \addtolength{\topmargin}{-0.90565pt}.

[12]
LaTeX Info: Redefining \. on input line 134.
LaTeX Info: Redefining \% on input line 134.
File: 0_1_Caratula/austral_logo.jpg Graphic file (type jpg)
<use 0_1_Caratula/austral_logo.jpg>
Package pdftex.def Info: 0_1_Caratula/austral_logo.jpg  used on input line 134.

(pdftex.def)             Requested size: 113.81102pt x 41.80927pt.


Package fancyhdr Warning: \headheight is too small (14.22636pt): 
(fancyhdr)                Make it at least 15.13202pt, for example:
(fancyhdr)                \setlength{\headheight}{15.13202pt}.
(fancyhdr)                You might also make \topmargin smaller to compensate:

(fancyhdr)                \addtolength{\topmargin}{-0.90565pt}.

[13]
LaTeX Info: Redefining \. on input line 167.
LaTeX Info: Redefining \% on input line 167.
File: 0_1_Caratula/austral_logo.jpg Graphic file (type jpg)
<use 0_1_Caratula/austral_logo.jpg>
Package pdftex.def Info: 0_1_Caratula/austral_logo.jpg  used on input line 167.

(pdftex.def)             Requested size: 113.81102pt x 41.80927pt.


Package fancyhdr Warning: \headheight is too small (14.22636pt): 
(fancyhdr)                Make it at least 15.13202pt, for example:
(fancyhdr)                \setlength{\headheight}{15.13202pt}.
(fancyhdr)                You might also make \topmargin smaller to compensate:

(fancyhdr)                \addtolength{\topmargin}{-0.90565pt}.

[14]
LaTeX Info: Redefining \. on input line 192.
LaTeX Info: Redefining \% on input line 192.
File: 0_1_Caratula/austral_logo.jpg Graphic file (type jpg)
<use 0_1_Caratula/austral_logo.jpg>
Package pdftex.def Info: 0_1_Caratula/austral_logo.jpg  used on input line 192.

(pdftex.def)             Requested size: 113.81102pt x 41.80927pt.


Package fancyhdr Warning: \headheight is too small (14.22636pt): 
(fancyhdr)                Make it at least 14.49998pt, for example:
(fancyhdr)                \setlength{\headheight}{14.49998pt}.
(fancyhdr)                You might also make \topmargin smaller to compensate:

(fancyhdr)                \addtolength{\topmargin}{-0.27362pt}.

[15]
LaTeX Info: Redefining \. on input line 208.
LaTeX Info: Redefining \% on input line 208.
File: 0_1_Caratula/austral_logo.jpg Graphic file (type jpg)
<use 0_1_Caratula/austral_logo.jpg>
Package pdftex.def Info: 0_1_Caratula/austral_logo.jpg  used on input line 208.

(pdftex.def)             Requested size: 113.81102pt x 41.80927pt.


Package fancyhdr Warning: \headheight is too small (14.22636pt): 
(fancyhdr)                Make it at least 14.49998pt, for example:
(fancyhdr)                \setlength{\headheight}{14.49998pt}.
(fancyhdr)                You might also make \topmargin smaller to compensate:

(fancyhdr)                \addtolength{\topmargin}{-0.27362pt}.

[16]
LaTeX Info: Redefining \. on input line 229.
LaTeX Info: Redefining \% on input line 229.
File: 0_1_Caratula/austral_logo.jpg Graphic file (type jpg)
<use 0_1_Caratula/austral_logo.jpg>
Package pdftex.def Info: 0_1_Caratula/austral_logo.jpg  used on input line 229.

(pdftex.def)             Requested size: 113.81102pt x 41.80927pt.


Package fancyhdr Warning: \headheight is too small (14.22636pt): 
(fancyhdr)                Make it at least 14.49998pt, for example:
(fancyhdr)                \setlength{\headheight}{14.49998pt}.
(fancyhdr)                You might also make \topmargin smaller to compensate:

(fancyhdr)                \addtolength{\topmargin}{-0.27362pt}.

[17]
LaTeX Info: Redefining \. on input line 248.
LaTeX Info: Redefining \% on input line 248.
File: 0_1_Caratula/austral_logo.jpg Graphic file (type jpg)
<use 0_1_Caratula/austral_logo.jpg>
Package pdftex.def Info: 0_1_Caratula/austral_logo.jpg  used on input line 248.

(pdftex.def)             Requested size: 113.81102pt x 41.80927pt.


Package fancyhdr Warning: \headheight is too small (14.22636pt): 
(fancyhdr)                Make it at least 14.49998pt, for example:
(fancyhdr)                \setlength{\headheight}{14.49998pt}.
(fancyhdr)                You might also make \topmargin smaller to compensate:

(fancyhdr)                \addtolength{\topmargin}{-0.27362pt}.

[18]
LaTeX Info: Redefining \. on input line 285.
LaTeX Info: Redefining \% on input line 285.
File: 0_1_Caratula/austral_logo.jpg Graphic file (type jpg)
<use 0_1_Caratula/austral_logo.jpg>
Package pdftex.def Info: 0_1_Caratula/austral_logo.jpg  used on input line 285.

(pdftex.def)             Requested size: 113.81102pt x 41.80927pt.


Package fancyhdr Warning: \headheight is too small (14.22636pt): 
(fancyhdr)                Make it at least 14.49998pt, for example:
(fancyhdr)                \setlength{\headheight}{14.49998pt}.
(fancyhdr)                You might also make \topmargin smaller to compensate:

(fancyhdr)                \addtolength{\topmargin}{-0.27362pt}.

[19]
LaTeX Info: Redefining \. on input line 320.
LaTeX Info: Redefining \% on input line 320.
File: 0_1_Caratula/austral_logo.jpg Graphic file (type jpg)
<use 0_1_Caratula/austral_logo.jpg>
Package pdftex.def Info: 0_1_Caratula/austral_logo.jpg  used on input line 320.

(pdftex.def)             Requested size: 113.81102pt x 41.80927pt.


Package fancyhdr Warning: \headheight is too small (14.22636pt): 
(fancyhdr)                Make it at least 14.49998pt, for example:
(fancyhdr)                \setlength{\headheight}{14.49998pt}.
(fancyhdr)                You might also make \topmargin smaller to compensate:

(fancyhdr)                \addtolength{\topmargin}{-0.27362pt}.

[20]
LaTeX Info: Redefining \. on input line 350.
LaTeX Info: Redefining \% on input line 350.
File: 0_1_Caratula/austral_logo.jpg Graphic file (type jpg)
<use 0_1_Caratula/austral_logo.jpg>
Package pdftex.def Info: 0_1_Caratula/austral_logo.jpg  used on input line 350.

(pdftex.def)             Requested size: 113.81102pt x 41.80927pt.


Package fancyhdr Warning: \headheight is too small (14.22636pt): 
(fancyhdr)                Make it at least 14.49998pt, for example:
(fancyhdr)                \setlength{\headheight}{14.49998pt}.
(fancyhdr)                You might also make \topmargin smaller to compensate:

(fancyhdr)                \addtolength{\topmargin}{-0.27362pt}.

[21]
LaTeX Info: Redefining \. on input line 375.
LaTeX Info: Redefining \% on input line 375.
File: 0_1_Caratula/austral_logo.jpg Graphic file (type jpg)
<use 0_1_Caratula/austral_logo.jpg>
Package pdftex.def Info: 0_1_Caratula/austral_logo.jpg  used on input line 375.

(pdftex.def)             Requested size: 113.81102pt x 41.80927pt.


Package fancyhdr Warning: \headheight is too small (14.22636pt): 
(fancyhdr)                Make it at least 14.49998pt, for example:
(fancyhdr)                \setlength{\headheight}{14.49998pt}.
(fancyhdr)                You might also make \topmargin smaller to compensate:

(fancyhdr)                \addtolength{\topmargin}{-0.27362pt}.

[22]
LaTeX Info: Redefining \. on input line 407.
LaTeX Info: Redefining \% on input line 407.
File: 0_1_Caratula/austral_logo.jpg Graphic file (type jpg)
<use 0_1_Caratula/austral_logo.jpg>
Package pdftex.def Info: 0_1_Caratula/austral_logo.jpg  used on input line 407.

(pdftex.def)             Requested size: 113.81102pt x 41.80927pt.


Package fancyhdr Warning: \headheight is too small (14.22636pt): 
(fancyhdr)                Make it at least 14.49998pt, for example:
(fancyhdr)                \setlength{\headheight}{14.49998pt}.
(fancyhdr)                You might also make \topmargin smaller to compensate:

(fancyhdr)                \addtolength{\topmargin}{-0.27362pt}.

[23]
LaTeX Info: Redefining \. on input line 432.
LaTeX Info: Redefining \% on input line 432.
File: 0_1_Caratula/austral_logo.jpg Graphic file (type jpg)
<use 0_1_Caratula/austral_logo.jpg>
Package pdftex.def Info: 0_1_Caratula/austral_logo.jpg  used on input line 432.

(pdftex.def)             Requested size: 113.81102pt x 41.80927pt.


Package fancyhdr Warning: \headheight is too small (14.22636pt): 
(fancyhdr)                Make it at least 14.49998pt, for example:
(fancyhdr)                \setlength{\headheight}{14.49998pt}.
(fancyhdr)                You might also make \topmargin smaller to compensate:

(fancyhdr)                \addtolength{\topmargin}{-0.27362pt}.

[24]
LaTeX Info: Redefining \. on input line 484.
LaTeX Info: Redefining \% on input line 484.
File: 0_1_Caratula/austral_logo.jpg Graphic file (type jpg)
<use 0_1_Caratula/austral_logo.jpg>
Package pdftex.def Info: 0_1_Caratula/austral_logo.jpg  used on input line 484.

(pdftex.def)             Requested size: 113.81102pt x 41.80927pt.


Package fancyhdr Warning: \headheight is too small (14.22636pt): 
(fancyhdr)                Make it at least 14.49998pt, for example:
(fancyhdr)                \setlength{\headheight}{14.49998pt}.
(fancyhdr)                You might also make \topmargin smaller to compensate:

(fancyhdr)                \addtolength{\topmargin}{-0.27362pt}.

[25]
LaTeX Info: Redefining \. on input line 510.
LaTeX Info: Redefining \% on input line 510.
File: 0_1_Caratula/austral_logo.jpg Graphic file (type jpg)
<use 0_1_Caratula/austral_logo.jpg>
Package pdftex.def Info: 0_1_Caratula/austral_logo.jpg  used on input line 510.

(pdftex.def)             Requested size: 113.81102pt x 41.80927pt.


Package fancyhdr Warning: \headheight is too small (14.22636pt): 
(fancyhdr)                Make it at least 14.49998pt, for example:
(fancyhdr)                \setlength{\headheight}{14.49998pt}.
(fancyhdr)                You might also make \topmargin smaller to compensate:

(fancyhdr)                \addtolength{\topmargin}{-0.27362pt}.

[26]
LaTeX Info: Redefining \. on input line 544.
LaTeX Info: Redefining \% on input line 544.
File: 0_1_Caratula/austral_logo.jpg Graphic file (type jpg)
<use 0_1_Caratula/austral_logo.jpg>
Package pdftex.def Info: 0_1_Caratula/austral_logo.jpg  used on input line 544.

(pdftex.def)             Requested size: 113.81102pt x 41.80927pt.


Package fancyhdr Warning: \headheight is too small (14.22636pt): 
(fancyhdr)                Make it at least 14.49998pt, for example:
(fancyhdr)                \setlength{\headheight}{14.49998pt}.
(fancyhdr)                You might also make \topmargin smaller to compensate:

(fancyhdr)                \addtolength{\topmargin}{-0.27362pt}.

[27]) (3_Capitulo3/Capitulo3.tex
LaTeX Info: Redefining \. on input line 1.
LaTeX Info: Redefining \% on input line 1.
File: 0_1_Caratula/austral_logo.jpg Graphic file (type jpg)
<use 0_1_Caratula/austral_logo.jpg>
Package pdftex.def Info: 0_1_Caratula/austral_logo.jpg  used on input line 1.
(pdftex.def)             Requested size: 113.81102pt x 41.80927pt.


Package fancyhdr Warning: \headheight is too small (14.22636pt): 
(fancyhdr)                Make it at least 14.49998pt, for example:
(fancyhdr)                \setlength{\headheight}{14.49998pt}.
(fancyhdr)                You might also make \topmargin smaller to compensate:

(fancyhdr)                \addtolength{\topmargin}{-0.27362pt}.

[28]
Cap\'{\i }tulo 3.
[29

]
LaTeX Info: Redefining \. on input line 26.
LaTeX Info: Redefining \% on input line 26.
File: 0_1_Caratula/austral_logo.jpg Graphic file (type jpg)
<use 0_1_Caratula/austral_logo.jpg>
Package pdftex.def Info: 0_1_Caratula/austral_logo.jpg  used on input line 26.
(pdftex.def)             Requested size: 113.81102pt x 41.80927pt.


Package fancyhdr Warning: \headheight is too small (14.22636pt): 
(fancyhdr)                Make it at least 14.49998pt, for example:
(fancyhdr)                \setlength{\headheight}{14.49998pt}.
(fancyhdr)                You might also make \topmargin smaller to compensate:

(fancyhdr)                \addtolength{\topmargin}{-0.27362pt}.

[30]
LaTeX Info: Redefining \. on input line 61.
LaTeX Info: Redefining \% on input line 61.
File: 0_1_Caratula/austral_logo.jpg Graphic file (type jpg)
<use 0_1_Caratula/austral_logo.jpg>
Package pdftex.def Info: 0_1_Caratula/austral_logo.jpg  used on input line 61.
(pdftex.def)             Requested size: 113.81102pt x 41.80927pt.


Package fancyhdr Warning: \headheight is too small (14.22636pt): 
(fancyhdr)                Make it at least 14.49998pt, for example:
(fancyhdr)                \setlength{\headheight}{14.49998pt}.
(fancyhdr)                You might also make \topmargin smaller to compensate:

(fancyhdr)                \addtolength{\topmargin}{-0.27362pt}.

[31]
LaTeX Info: Redefining \. on input line 91.
LaTeX Info: Redefining \% on input line 91.
File: 0_1_Caratula/austral_logo.jpg Graphic file (type jpg)
<use 0_1_Caratula/austral_logo.jpg>
Package pdftex.def Info: 0_1_Caratula/austral_logo.jpg  used on input line 91.
(pdftex.def)             Requested size: 113.81102pt x 41.80927pt.


Package fancyhdr Warning: \headheight is too small (14.22636pt): 
(fancyhdr)                Make it at least 14.49998pt, for example:
(fancyhdr)                \setlength{\headheight}{14.49998pt}.
(fancyhdr)                You might also make \topmargin smaller to compensate:

(fancyhdr)                \addtolength{\topmargin}{-0.27362pt}.

[32]
LaTeX Info: Redefining \. on input line 126.
LaTeX Info: Redefining \% on input line 126.
File: 0_1_Caratula/austral_logo.jpg Graphic file (type jpg)
<use 0_1_Caratula/austral_logo.jpg>
Package pdftex.def Info: 0_1_Caratula/austral_logo.jpg  used on input line 126.

(pdftex.def)             Requested size: 113.81102pt x 41.80927pt.


Package fancyhdr Warning: \headheight is too small (14.22636pt): 
(fancyhdr)                Make it at least 14.49998pt, for example:
(fancyhdr)                \setlength{\headheight}{14.49998pt}.
(fancyhdr)                You might also make \topmargin smaller to compensate:

(fancyhdr)                \addtolength{\topmargin}{-0.27362pt}.

[33]
LaTeX Info: Redefining \. on input line 148.
LaTeX Info: Redefining \% on input line 148.
File: 0_1_Caratula/austral_logo.jpg Graphic file (type jpg)
<use 0_1_Caratula/austral_logo.jpg>
Package pdftex.def Info: 0_1_Caratula/austral_logo.jpg  used on input line 148.

(pdftex.def)             Requested size: 113.81102pt x 41.80927pt.


Package fancyhdr Warning: \headheight is too small (14.22636pt): 
(fancyhdr)                Make it at least 15.13202pt, for example:
(fancyhdr)                \setlength{\headheight}{15.13202pt}.
(fancyhdr)                You might also make \topmargin smaller to compensate:

(fancyhdr)                \addtolength{\topmargin}{-0.90565pt}.

[34]
LaTeX Info: Redefining \. on input line 170.
LaTeX Info: Redefining \% on input line 170.
File: 0_1_Caratula/austral_logo.jpg Graphic file (type jpg)
<use 0_1_Caratula/austral_logo.jpg>
Package pdftex.def Info: 0_1_Caratula/austral_logo.jpg  used on input line 170.

(pdftex.def)             Requested size: 113.81102pt x 41.80927pt.


Package fancyhdr Warning: \headheight is too small (14.22636pt): 
(fancyhdr)                Make it at least 15.13202pt, for example:
(fancyhdr)                \setlength{\headheight}{15.13202pt}.
(fancyhdr)                You might also make \topmargin smaller to compensate:

(fancyhdr)                \addtolength{\topmargin}{-0.90565pt}.

[35]
LaTeX Info: Redefining \. on input line 204.
LaTeX Info: Redefining \% on input line 204.
File: 0_1_Caratula/austral_logo.jpg Graphic file (type jpg)
<use 0_1_Caratula/austral_logo.jpg>
Package pdftex.def Info: 0_1_Caratula/austral_logo.jpg  used on input line 204.

(pdftex.def)             Requested size: 113.81102pt x 41.80927pt.


Package fancyhdr Warning: \headheight is too small (14.22636pt): 
(fancyhdr)                Make it at least 15.13202pt, for example:
(fancyhdr)                \setlength{\headheight}{15.13202pt}.
(fancyhdr)                You might also make \topmargin smaller to compensate:

(fancyhdr)                \addtolength{\topmargin}{-0.90565pt}.

[36]
LaTeX Info: Redefining \. on input line 226.
LaTeX Info: Redefining \% on input line 226.
File: 0_1_Caratula/austral_logo.jpg Graphic file (type jpg)
<use 0_1_Caratula/austral_logo.jpg>
Package pdftex.def Info: 0_1_Caratula/austral_logo.jpg  used on input line 226.

(pdftex.def)             Requested size: 113.81102pt x 41.80927pt.


Package fancyhdr Warning: \headheight is too small (14.22636pt): 
(fancyhdr)                Make it at least 15.13202pt, for example:
(fancyhdr)                \setlength{\headheight}{15.13202pt}.
(fancyhdr)                You might also make \topmargin smaller to compensate:

(fancyhdr)                \addtolength{\topmargin}{-0.90565pt}.

[37]
LaTeX Info: Redefining \. on input line 245.
LaTeX Info: Redefining \% on input line 245.
File: 0_1_Caratula/austral_logo.jpg Graphic file (type jpg)
<use 0_1_Caratula/austral_logo.jpg>
Package pdftex.def Info: 0_1_Caratula/austral_logo.jpg  used on input line 245.

(pdftex.def)             Requested size: 113.81102pt x 41.80927pt.


Package fancyhdr Warning: \headheight is too small (14.22636pt): 
(fancyhdr)                Make it at least 15.13202pt, for example:
(fancyhdr)                \setlength{\headheight}{15.13202pt}.
(fancyhdr)                You might also make \topmargin smaller to compensate:

(fancyhdr)                \addtolength{\topmargin}{-0.90565pt}.

[38]
LaTeX Info: Redefining \. on input line 274.
LaTeX Info: Redefining \% on input line 274.
File: 0_1_Caratula/austral_logo.jpg Graphic file (type jpg)
<use 0_1_Caratula/austral_logo.jpg>
Package pdftex.def Info: 0_1_Caratula/austral_logo.jpg  used on input line 274.

(pdftex.def)             Requested size: 113.81102pt x 41.80927pt.


Package fancyhdr Warning: \headheight is too small (14.22636pt): 
(fancyhdr)                Make it at least 15.13202pt, for example:
(fancyhdr)                \setlength{\headheight}{15.13202pt}.
(fancyhdr)                You might also make \topmargin smaller to compensate:

(fancyhdr)                \addtolength{\topmargin}{-0.90565pt}.

[39]
LaTeX Info: Redefining \. on input line 296.
LaTeX Info: Redefining \% on input line 296.
File: 0_1_Caratula/austral_logo.jpg Graphic file (type jpg)
<use 0_1_Caratula/austral_logo.jpg>
Package pdftex.def Info: 0_1_Caratula/austral_logo.jpg  used on input line 296.

(pdftex.def)             Requested size: 113.81102pt x 41.80927pt.


Package fancyhdr Warning: \headheight is too small (14.22636pt): 
(fancyhdr)                Make it at least 15.13202pt, for example:
(fancyhdr)                \setlength{\headheight}{15.13202pt}.
(fancyhdr)                You might also make \topmargin smaller to compensate:

(fancyhdr)                \addtolength{\topmargin}{-0.90565pt}.

[40]
LaTeX Info: Redefining \. on input line 329.
LaTeX Info: Redefining \% on input line 329.
File: 0_1_Caratula/austral_logo.jpg Graphic file (type jpg)
<use 0_1_Caratula/austral_logo.jpg>
Package pdftex.def Info: 0_1_Caratula/austral_logo.jpg  used on input line 329.

(pdftex.def)             Requested size: 113.81102pt x 41.80927pt.


Package fancyhdr Warning: \headheight is too small (14.22636pt): 
(fancyhdr)                Make it at least 15.13202pt, for example:
(fancyhdr)                \setlength{\headheight}{15.13202pt}.
(fancyhdr)                You might also make \topmargin smaller to compensate:

(fancyhdr)                \addtolength{\topmargin}{-0.90565pt}.

[41]) (4_Capitulo4/Capitulo4.tex
LaTeX Info: Redefining \. on input line 1.
LaTeX Info: Redefining \% on input line 1.
File: 0_1_Caratula/austral_logo.jpg Graphic file (type jpg)
<use 0_1_Caratula/austral_logo.jpg>
Package pdftex.def Info: 0_1_Caratula/austral_logo.jpg  used on input line 1.
(pdftex.def)             Requested size: 113.81102pt x 41.80927pt.


Package fancyhdr Warning: \headheight is too small (14.22636pt): 
(fancyhdr)                Make it at least 15.13202pt, for example:
(fancyhdr)                \setlength{\headheight}{15.13202pt}.
(fancyhdr)                You might also make \topmargin smaller to compensate:

(fancyhdr)                \addtolength{\topmargin}{-0.90565pt}.

[42]
Cap\'{\i }tulo 4.
[43

]
LaTeX Info: Redefining \. on input line 46.
LaTeX Info: Redefining \% on input line 46.
File: 0_1_Caratula/austral_logo.jpg Graphic file (type jpg)
<use 0_1_Caratula/austral_logo.jpg>
Package pdftex.def Info: 0_1_Caratula/austral_logo.jpg  used on input line 46.
(pdftex.def)             Requested size: 113.81102pt x 41.80927pt.


Package fancyhdr Warning: \headheight is too small (14.22636pt): 
(fancyhdr)                Make it at least 15.13202pt, for example:
(fancyhdr)                \setlength{\headheight}{15.13202pt}.
(fancyhdr)                You might also make \topmargin smaller to compensate:

(fancyhdr)                \addtolength{\topmargin}{-0.90565pt}.

[44]
LaTeX Info: Redefining \. on input line 69.
LaTeX Info: Redefining \% on input line 69.
File: 0_1_Caratula/austral_logo.jpg Graphic file (type jpg)
<use 0_1_Caratula/austral_logo.jpg>
Package pdftex.def Info: 0_1_Caratula/austral_logo.jpg  used on input line 69.
(pdftex.def)             Requested size: 113.81102pt x 41.80927pt.


Package fancyhdr Warning: \headheight is too small (14.22636pt): 
(fancyhdr)                Make it at least 15.13202pt, for example:
(fancyhdr)                \setlength{\headheight}{15.13202pt}.
(fancyhdr)                You might also make \topmargin smaller to compensate:

(fancyhdr)                \addtolength{\topmargin}{-0.90565pt}.

[45]) (5_Capitulo5/Capitulo5.tex
LaTeX Info: Redefining \. on input line 1.
LaTeX Info: Redefining \% on input line 1.
File: 0_1_Caratula/austral_logo.jpg Graphic file (type jpg)
<use 0_1_Caratula/austral_logo.jpg>
Package pdftex.def Info: 0_1_Caratula/austral_logo.jpg  used on input line 1.
(pdftex.def)             Requested size: 113.81102pt x 41.80927pt.


Package fancyhdr Warning: \headheight is too small (14.22636pt): 
(fancyhdr)                Make it at least 15.13202pt, for example:
(fancyhdr)                \setlength{\headheight}{15.13202pt}.
(fancyhdr)                You might also make \topmargin smaller to compensate:

(fancyhdr)                \addtolength{\topmargin}{-0.90565pt}.

[46]
Cap\'{\i }tulo 5.
[47

]
LaTeX Info: Redefining \. on input line 22.
LaTeX Info: Redefining \% on input line 22.
File: 0_1_Caratula/austral_logo.jpg Graphic file (type jpg)
<use 0_1_Caratula/austral_logo.jpg>
Package pdftex.def Info: 0_1_Caratula/austral_logo.jpg  used on input line 22.
(pdftex.def)             Requested size: 113.81102pt x 41.80927pt.


Package fancyhdr Warning: \headheight is too small (14.22636pt): 
(fancyhdr)                Make it at least 14.49998pt, for example:
(fancyhdr)                \setlength{\headheight}{14.49998pt}.
(fancyhdr)                You might also make \topmargin smaller to compensate:

(fancyhdr)                \addtolength{\topmargin}{-0.27362pt}.

[48]
LaTeX Info: Redefining \. on input line 37.
LaTeX Info: Redefining \% on input line 37.
File: 0_1_Caratula/austral_logo.jpg Graphic file (type jpg)
<use 0_1_Caratula/austral_logo.jpg>
Package pdftex.def Info: 0_1_Caratula/austral_logo.jpg  used on input line 37.
(pdftex.def)             Requested size: 113.81102pt x 41.80927pt.


Package fancyhdr Warning: \headheight is too small (14.22636pt): 
(fancyhdr)                Make it at least 15.13202pt, for example:
(fancyhdr)                \setlength{\headheight}{15.13202pt}.
(fancyhdr)                You might also make \topmargin smaller to compensate:

(fancyhdr)                \addtolength{\topmargin}{-0.90565pt}.

[49]
LaTeX Info: Redefining \. on input line 49.
LaTeX Info: Redefining \% on input line 49.
File: 0_1_Caratula/austral_logo.jpg Graphic file (type jpg)
<use 0_1_Caratula/austral_logo.jpg>
Package pdftex.def Info: 0_1_Caratula/austral_logo.jpg  used on input line 49.
(pdftex.def)             Requested size: 113.81102pt x 41.80927pt.


Package fancyhdr Warning: \headheight is too small (14.22636pt): 
(fancyhdr)                Make it at least 14.49998pt, for example:
(fancyhdr)                \setlength{\headheight}{14.49998pt}.
(fancyhdr)                You might also make \topmargin smaller to compensate:

(fancyhdr)                \addtolength{\topmargin}{-0.27362pt}.

[50]
LaTeX Info: Redefining \. on input line 69.
LaTeX Info: Redefining \% on input line 69.
File: 0_1_Caratula/austral_logo.jpg Graphic file (type jpg)
<use 0_1_Caratula/austral_logo.jpg>
Package pdftex.def Info: 0_1_Caratula/austral_logo.jpg  used on input line 69.
(pdftex.def)             Requested size: 113.81102pt x 41.80927pt.


Package fancyhdr Warning: \headheight is too small (14.22636pt): 
(fancyhdr)                Make it at least 14.49998pt, for example:
(fancyhdr)                \setlength{\headheight}{14.49998pt}.
(fancyhdr)                You might also make \topmargin smaller to compensate:

(fancyhdr)                \addtolength{\topmargin}{-0.27362pt}.

[51]
LaTeX Info: Redefining \. on input line 77.
LaTeX Info: Redefining \% on input line 77.
File: 0_1_Caratula/austral_logo.jpg Graphic file (type jpg)
<use 0_1_Caratula/austral_logo.jpg>
Package pdftex.def Info: 0_1_Caratula/austral_logo.jpg  used on input line 77.
(pdftex.def)             Requested size: 113.81102pt x 41.80927pt.


Package fancyhdr Warning: \headheight is too small (14.22636pt): 
(fancyhdr)                Make it at least 14.49998pt, for example:
(fancyhdr)                \setlength{\headheight}{14.49998pt}.
(fancyhdr)                You might also make \topmargin smaller to compensate:

(fancyhdr)                \addtolength{\topmargin}{-0.27362pt}.

[52]
LaTeX Info: Redefining \. on input line 91.
LaTeX Info: Redefining \% on input line 91.
File: 0_1_Caratula/austral_logo.jpg Graphic file (type jpg)
<use 0_1_Caratula/austral_logo.jpg>
Package pdftex.def Info: 0_1_Caratula/austral_logo.jpg  used on input line 91.
(pdftex.def)             Requested size: 113.81102pt x 41.80927pt.


Package fancyhdr Warning: \headheight is too small (14.22636pt): 
(fancyhdr)                Make it at least 14.49998pt, for example:
(fancyhdr)                \setlength{\headheight}{14.49998pt}.
(fancyhdr)                You might also make \topmargin smaller to compensate:

(fancyhdr)                \addtolength{\topmargin}{-0.27362pt}.

[53]
LaTeX Info: Redefining \. on input line 121.
LaTeX Info: Redefining \% on input line 121.
File: 0_1_Caratula/austral_logo.jpg Graphic file (type jpg)
<use 0_1_Caratula/austral_logo.jpg>
Package pdftex.def Info: 0_1_Caratula/austral_logo.jpg  used on input line 121.

(pdftex.def)             Requested size: 113.81102pt x 41.80927pt.


Package fancyhdr Warning: \headheight is too small (14.22636pt): 
(fancyhdr)                Make it at least 15.13202pt, for example:
(fancyhdr)                \setlength{\headheight}{15.13202pt}.
(fancyhdr)                You might also make \topmargin smaller to compensate:

(fancyhdr)                \addtolength{\topmargin}{-0.90565pt}.

[54]
LaTeX Info: Redefining \. on input line 145.
LaTeX Info: Redefining \% on input line 145.
File: 0_1_Caratula/austral_logo.jpg Graphic file (type jpg)
<use 0_1_Caratula/austral_logo.jpg>
Package pdftex.def Info: 0_1_Caratula/austral_logo.jpg  used on input line 145.

(pdftex.def)             Requested size: 113.81102pt x 41.80927pt.


Package fancyhdr Warning: \headheight is too small (14.22636pt): 
(fancyhdr)                Make it at least 15.13202pt, for example:
(fancyhdr)                \setlength{\headheight}{15.13202pt}.
(fancyhdr)                You might also make \topmargin smaller to compensate:

(fancyhdr)                \addtolength{\topmargin}{-0.90565pt}.

[55]
LaTeX Info: Redefining \. on input line 182.
LaTeX Info: Redefining \% on input line 182.
File: 0_1_Caratula/austral_logo.jpg Graphic file (type jpg)
<use 0_1_Caratula/austral_logo.jpg>
Package pdftex.def Info: 0_1_Caratula/austral_logo.jpg  used on input line 182.

(pdftex.def)             Requested size: 113.81102pt x 41.80927pt.


Package fancyhdr Warning: \headheight is too small (14.22636pt): 
(fancyhdr)                Make it at least 15.13202pt, for example:
(fancyhdr)                \setlength{\headheight}{15.13202pt}.
(fancyhdr)                You might also make \topmargin smaller to compensate:

(fancyhdr)                \addtolength{\topmargin}{-0.90565pt}.

[56]
Overfull \hbox (0.51807pt too wide) in paragraph at lines 218--219
[]\T1/ptm/m/n/12 En es-ta sec-cin, se lle-va-r a ca-bo un an-li-sis pa-ra de
-ter-mi-nar si el des-cuen-to cuasi-hiperblico
 []

LaTeX Info: Redefining \. on input line 219.
LaTeX Info: Redefining \% on input line 219.
File: 0_1_Caratula/austral_logo.jpg Graphic file (type jpg)
<use 0_1_Caratula/austral_logo.jpg>
Package pdftex.def Info: 0_1_Caratula/austral_logo.jpg  used on input line 219.

(pdftex.def)             Requested size: 113.81102pt x 41.80927pt.

Package fancyhdr Warning: \headheight is too small (14.22636pt): 
(fancyhdr)                Make it at least 15.13202pt, for example:
(fancyhdr)                \setlength{\headheight}{15.13202pt}.
(fancyhdr)                You might also make \topmargin smaller to compensate:

(fancyhdr)                \addtolength{\topmargin}{-0.90565pt}.

[57]
LaTeX Info: Redefining \. on input line 244.
LaTeX Info: Redefining \% on input line 244.
File: 0_1_Caratula/austral_logo.jpg Graphic file (type jpg)
<use 0_1_Caratula/austral_logo.jpg>
Package pdftex.def Info: 0_1_Caratula/austral_logo.jpg  used on input line 244.

(pdftex.def)             Requested size: 113.81102pt x 41.80927pt.


Package fancyhdr Warning: \headheight is too small (14.22636pt): 
(fancyhdr)                Make it at least 15.13202pt, for example:
(fancyhdr)                \setlength{\headheight}{15.13202pt}.
(fancyhdr)                You might also make \topmargin smaller to compensate:

(fancyhdr)                \addtolength{\topmargin}{-0.90565pt}.

[58]
LaTeX Info: Redefining \. on input line 270.
LaTeX Info: Redefining \% on input line 270.
File: 0_1_Caratula/austral_logo.jpg Graphic file (type jpg)
<use 0_1_Caratula/austral_logo.jpg>
Package pdftex.def Info: 0_1_Caratula/austral_logo.jpg  used on input line 270.

(pdftex.def)             Requested size: 113.81102pt x 41.80927pt.


Package fancyhdr Warning: \headheight is too small (14.22636pt): 
(fancyhdr)                Make it at least 15.13202pt, for example:
(fancyhdr)                \setlength{\headheight}{15.13202pt}.
(fancyhdr)                You might also make \topmargin smaller to compensate:

(fancyhdr)                \addtolength{\topmargin}{-0.90565pt}.

[59]
LaTeX Info: Redefining \. on input line 305.
LaTeX Info: Redefining \% on input line 305.
File: 0_1_Caratula/austral_logo.jpg Graphic file (type jpg)
<use 0_1_Caratula/austral_logo.jpg>
Package pdftex.def Info: 0_1_Caratula/austral_logo.jpg  used on input line 305.

(pdftex.def)             Requested size: 113.81102pt x 41.80927pt.


Package fancyhdr Warning: \headheight is too small (14.22636pt): 
(fancyhdr)                Make it at least 15.13202pt, for example:
(fancyhdr)                \setlength{\headheight}{15.13202pt}.
(fancyhdr)                You might also make \topmargin smaller to compensate:

(fancyhdr)                \addtolength{\topmargin}{-0.90565pt}.

[60]
LaTeX Info: Redefining \. on input line 325.
LaTeX Info: Redefining \% on input line 325.
File: 0_1_Caratula/austral_logo.jpg Graphic file (type jpg)
<use 0_1_Caratula/austral_logo.jpg>
Package pdftex.def Info: 0_1_Caratula/austral_logo.jpg  used on input line 325.

(pdftex.def)             Requested size: 113.81102pt x 41.80927pt.


Package fancyhdr Warning: \headheight is too small (14.22636pt): 
(fancyhdr)                Make it at least 15.13202pt, for example:
(fancyhdr)                \setlength{\headheight}{15.13202pt}.
(fancyhdr)                You might also make \topmargin smaller to compensate:

(fancyhdr)                \addtolength{\topmargin}{-0.90565pt}.

[61]
<5_Capitulo5/Graficos/Fig1.jpg, id=1009, 702.625pt x 526.96875pt>
File: 5_Capitulo5/Graficos/Fig1.jpg Graphic file (type jpg)
<use 5_Capitulo5/Graficos/Fig1.jpg>
Package pdftex.def Info: 5_Capitulo5/Graficos/Fig1.jpg  used on input line 329.

(pdftex.def)             Requested size: 218.30162pt x 163.7285pt.
<5_Capitulo5/Graficos/Fig2.jpg, id=1010, 702.625pt x 526.96875pt>
File: 5_Capitulo5/Graficos/Fig2.jpg Graphic file (type jpg)
<use 5_Capitulo5/Graficos/Fig2.jpg>
Package pdftex.def Info: 5_Capitulo5/Graficos/Fig2.jpg  used on input line 330.

(pdftex.def)             Requested size: 218.30162pt x 163.7285pt.
LaTeX Info: Redefining \. on input line 353.
LaTeX Info: Redefining \% on input line 353.
File: 0_1_Caratula/austral_logo.jpg Graphic file (type jpg)
<use 0_1_Caratula/austral_logo.jpg>
Package pdftex.def Info: 0_1_Caratula/austral_logo.jpg  used on input line 353.

(pdftex.def)             Requested size: 113.81102pt x 41.80927pt.


Package fancyhdr Warning: \headheight is too small (14.22636pt): 
(fancyhdr)                Make it at least 15.13202pt, for example:
(fancyhdr)                \setlength{\headheight}{15.13202pt}.
(fancyhdr)                You might also make \topmargin smaller to compensate:

(fancyhdr)                \addtolength{\topmargin}{-0.90565pt}.

[62 <./5_Capitulo5/Graficos/Fig1.jpg> <./5_Capitulo5/Graficos/Fig2.jpg>]
Overfull \hbox (0.51807pt too wide) in paragraph at lines 361--362
[]\T1/ptm/m/n/12 En es-ta sec-cin, se lle-va-r a ca-bo un an-li-sis pa-ra de
-ter-mi-nar si el des-cuen-to cuasi-hiperblico
 []

)
LaTeX Info: Redefining \. on input line 185.
LaTeX Info: Redefining \% on input line 185.
File: 0_1_Caratula/austral_logo.jpg Graphic file (type jpg)
<use 0_1_Caratula/austral_logo.jpg>
Package pdftex.def Info: 0_1_Caratula/austral_logo.jpg  used on input line 185.

(pdftex.def)             Requested size: 113.81102pt x 41.80927pt.


Package fancyhdr Warning: \headheight is too small (14.22636pt): 
(fancyhdr)                Make it at least 15.13202pt, for example:
(fancyhdr)                \setlength{\headheight}{15.13202pt}.
(fancyhdr)                You might also make \topmargin smaller to compensate:

(fancyhdr)                \addtolength{\topmargin}{-0.90565pt}.

[63] (8_Conclusiones/Conclusiones.tex [64] [65

])
(9_Trabajos_Futuros/Trabajos_Futuros.tex
LaTeX Info: Redefining \. on input line 1.
LaTeX Info: Redefining \% on input line 1.
File: 0_1_Caratula/austral_logo.jpg Graphic file (type jpg)
<use 0_1_Caratula/austral_logo.jpg>
Package pdftex.def Info: 0_1_Caratula/austral_logo.jpg  used on input line 1.
(pdftex.def)             Requested size: 113.81102pt x 41.80927pt.


Package fancyhdr Warning: \headheight is too small (14.22636pt): 
(fancyhdr)                Make it at least 14.49998pt, for example:
(fancyhdr)                \setlength{\headheight}{14.49998pt}.
(fancyhdr)                You might also make \topmargin smaller to compensate:

(fancyhdr)                \addtolength{\topmargin}{-0.27362pt}.

[66]) [67

] (10_ApendiceA/ApendiceA.tex [68]
Ap\'{e}ndice A.
Package epstopdf Info: Source file: <10_ApendiceA/graficos/graf.eps>
(epstopdf)                    date: 2023-10-31 23:24:55
(epstopdf)                    size: 500356 bytes
(epstopdf)             Output file: <10_ApendiceA/graficos/graf-eps-converted-t
o.pdf>
(epstopdf)                    date: 2023-12-12 18:53:28
(epstopdf)                    size: 105142 bytes
(epstopdf)             Command: <miktex-epstopdf --outfile=10_ApendiceA/grafico
s/graf-eps-converted-to.pdf 10_ApendiceA/graficos/graf.eps>
(epstopdf)             \includegraphics on input line 12.
Package epstopdf Info: Output file is already uptodate.
<10_ApendiceA/graficos/graf-eps-converted-to.pdf, id=1058, 421.575pt x 316.1812
4pt>
File: 10_ApendiceA/graficos/graf-eps-converted-to.pdf Graphic file (type pdf)
<use 10_ApendiceA/graficos/graf-eps-converted-to.pdf>
Package pdftex.def Info: 10_ApendiceA/graficos/graf-eps-converted-to.pdf  used 
on input line 12.
(pdftex.def)             Requested size: 218.30162pt x 163.7301pt.
) [69

 <./10_ApendiceA/graficos/graf-eps-converted-to.pdf>]
(11_ApendiceB/ApendiceB.tex [70]
Ap\'{e}ndice B.
[71

]
LaTeX Info: Redefining \. on input line 56.
LaTeX Info: Redefining \% on input line 56.
File: 0_1_Caratula/austral_logo.jpg Graphic file (type jpg)
<use 0_1_Caratula/austral_logo.jpg>
Package pdftex.def Info: 0_1_Caratula/austral_logo.jpg  used on input line 56.
(pdftex.def)             Requested size: 113.81102pt x 41.80927pt.


Package fancyhdr Warning: \headheight is too small (14.22636pt): 
(fancyhdr)                Make it at least 14.49998pt, for example:
(fancyhdr)                \setlength{\headheight}{14.49998pt}.
(fancyhdr)                You might also make \topmargin smaller to compensate:

(fancyhdr)                \addtolength{\topmargin}{-0.27362pt}.

[72])
LaTeX Info: Redefining \. on input line 209.
LaTeX Info: Redefining \% on input line 209.
File: 0_1_Caratula/austral_logo.jpg Graphic file (type jpg)
<use 0_1_Caratula/austral_logo.jpg>
Package pdftex.def Info: 0_1_Caratula/austral_logo.jpg  used on input line 209.

(pdftex.def)             Requested size: 113.81102pt x 41.80927pt.


Package fancyhdr Warning: \headheight is too small (14.22636pt): 
(fancyhdr)                Make it at least 14.49998pt, for example:
(fancyhdr)                \setlength{\headheight}{14.49998pt}.
(fancyhdr)                You might also make \topmargin smaller to compensate:

(fancyhdr)                \addtolength{\topmargin}{-0.27362pt}.

[73] (13_ApendiceC/ApendiceC.tex [74]
Ap\'{e}ndice C.
[75

]) (14_ApendiceD/ApendiceD.tex
LaTeX Info: Redefining \. on input line 1.
LaTeX Info: Redefining \% on input line 1.
File: 0_1_Caratula/austral_logo.jpg Graphic file (type jpg)
<use 0_1_Caratula/austral_logo.jpg>
Package pdftex.def Info: 0_1_Caratula/austral_logo.jpg  used on input line 1.
(pdftex.def)             Requested size: 113.81102pt x 41.80927pt.


Package fancyhdr Warning: \headheight is too small (14.22636pt): 
(fancyhdr)                Make it at least 14.49998pt, for example:
(fancyhdr)                \setlength{\headheight}{14.49998pt}.
(fancyhdr)                You might also make \topmargin smaller to compensate:

(fancyhdr)                \addtolength{\topmargin}{-0.27362pt}.

[76]
Ap\'{e}ndice D.
) [77

] (17_ApendiceG/ApendiceG.tex
LaTeX Info: Redefining \. on input line 1.
LaTeX Info: Redefining \% on input line 1.
File: 0_1_Caratula/austral_logo.jpg Graphic file (type jpg)
<use 0_1_Caratula/austral_logo.jpg>
Package pdftex.def Info: 0_1_Caratula/austral_logo.jpg  used on input line 1.
(pdftex.def)             Requested size: 113.81102pt x 41.80927pt.


Package fancyhdr Warning: \headheight is too small (14.22636pt): 
(fancyhdr)                Make it at least 15.13202pt, for example:
(fancyhdr)                \setlength{\headheight}{15.13202pt}.
(fancyhdr)                You might also make \topmargin smaller to compensate:

(fancyhdr)                \addtolength{\topmargin}{-0.90565pt}.

[78]
Ap\'{e}ndice E.
[79

]
LaTeX Info: Redefining \. on input line 33.
LaTeX Info: Redefining \% on input line 33.
File: 0_1_Caratula/austral_logo.jpg Graphic file (type jpg)
<use 0_1_Caratula/austral_logo.jpg>
Package pdftex.def Info: 0_1_Caratula/austral_logo.jpg  used on input line 33.
(pdftex.def)             Requested size: 113.81102pt x 41.80927pt.


Package fancyhdr Warning: \headheight is too small (14.22636pt): 
(fancyhdr)                Make it at least 15.13202pt, for example:
(fancyhdr)                \setlength{\headheight}{15.13202pt}.
(fancyhdr)                You might also make \topmargin smaller to compensate:

(fancyhdr)                \addtolength{\topmargin}{-0.90565pt}.

[80])
LaTeX Info: Redefining \. on input line 223.
LaTeX Info: Redefining \% on input line 223.
File: 0_1_Caratula/austral_logo.jpg Graphic file (type jpg)
<use 0_1_Caratula/austral_logo.jpg>
Package pdftex.def Info: 0_1_Caratula/austral_logo.jpg  used on input line 223.

(pdftex.def)             Requested size: 113.81102pt x 41.80927pt.


Package fancyhdr Warning: \headheight is too small (14.22636pt): 
(fancyhdr)                Make it at least 15.13202pt, for example:
(fancyhdr)                \setlength{\headheight}{15.13202pt}.
(fancyhdr)                You might also make \topmargin smaller to compensate:

(fancyhdr)                \addtolength{\topmargin}{-0.90565pt}.

[81] [82] [83

]
LaTeX Info: Redefining \. on input line 235.
LaTeX Info: Redefining \% on input line 235.
File: 0_1_Caratula/austral_logo.jpg Graphic file (type jpg)
<use 0_1_Caratula/austral_logo.jpg>
Package pdftex.def Info: 0_1_Caratula/austral_logo.jpg  used on input line 235.

(pdftex.def)             Requested size: 113.81102pt x 41.80927pt.


Package fancyhdr Warning: \headheight is too small (14.22636pt): 
(fancyhdr)                Make it at least 14.49998pt, for example:
(fancyhdr)                \setlength{\headheight}{14.49998pt}.
(fancyhdr)                You might also make \topmargin smaller to compensate:

(fancyhdr)                \addtolength{\topmargin}{-0.27362pt}.

[84]
LaTeX Info: Redefining \. on input line 235.
LaTeX Info: Redefining \% on input line 235.
File: 0_1_Caratula/austral_logo.jpg Graphic file (type jpg)
<use 0_1_Caratula/austral_logo.jpg>
Package pdftex.def Info: 0_1_Caratula/austral_logo.jpg  used on input line 235.

(pdftex.def)             Requested size: 113.81102pt x 41.80927pt.


Package fancyhdr Warning: \headheight is too small (14.22636pt): 
(fancyhdr)                Make it at least 14.49998pt, for example:
(fancyhdr)                \setlength{\headheight}{14.49998pt}.
(fancyhdr)                You might also make \topmargin smaller to compensate:

(fancyhdr)                \addtolength{\topmargin}{-0.27362pt}.

[85]
No file "Tesis (Version Definitiva)".ind.
LaTeX Info: Redefining \. on input line 245.
LaTeX Info: Redefining \% on input line 245.
File: 0_1_Caratula/austral_logo.jpg Graphic file (type jpg)
<use 0_1_Caratula/austral_logo.jpg>
Package pdftex.def Info: 0_1_Caratula/austral_logo.jpg  used on input line 245.

(pdftex.def)             Requested size: 113.81102pt x 41.80927pt.

Package fancyhdr Warning: \headheight is too small (14.22636pt): 
(fancyhdr)                Make it at least 14.49998pt, for example:
(fancyhdr)                \setlength{\headheight}{14.49998pt}.
(fancyhdr)                You might also make \topmargin smaller to compensate:

(fancyhdr)                \addtolength{\topmargin}{-0.27362pt}.

[86] (Tesis (Version Definitiva).aux
LaTeX Info: Redefining \sptext on input line 23.
LaTeX Info: Redefining \. on input line 23.
LaTeX Info: Redefining \% on input line 23.
)
 ***********
LaTeX2e <2023-06-01> patch level 1
L3 programming layer <2023-08-29>
 ***********
Package rerunfilecheck Info: File `"Tesis (Version Definitiva)".out' has not ch
anged.
(rerunfilecheck)             Checksum: FFBED5B725DFD9787A0D3835493EBDCB;9565.
Package logreq Info: Writing requests to '"Tesis (Version Definitiva)".run.xml'
.
\openout1 = `"Tesis (Version Definitiva).run.xml"'.

 ) 
Here is how much of TeX's memory you used:
 23074 strings out of 475248
 406306 string characters out of 5757812
 1933785 words of memory out of 5000000
 43881 multiletter control sequences out of 15000+600000
 613924 words of font info for 120 fonts, out of 8000000 for 9000
 1141 hyphenation exceptions out of 8191
 68i,22n,81p,1609b,2815s stack positions out of 10000i,1000n,20000p,200000b,200000s
<C:/Users/sesto/AppData/Local/Programs/MiKTeX/fonts/type1/public/amsfonts/cm/
cmex10.pfb><C:/Users/sesto/AppData/Local/Programs/MiKTeX/fonts/type1/public/ams
fonts/cm/cmmi10.pfb><C:/Users/sesto/AppData/Local/Programs/MiKTeX/fonts/type1/p
ublic/amsfonts/cm/cmr10.pfb><C:/Users/sesto/AppData/Local/Programs/MiKTeX/fonts
/type1/public/amsfonts/cm/cmsy10.pfb><C:/Users/sesto/AppData/Local/Programs/MiK
TeX/fonts/type1/public/amsfonts/symbols/msbm10.pfb><C:/Users/sesto/AppData/Loca
l/Programs/MiKTeX/fonts/type1/public/rsfs/rsfs10.pfb><C:/Users/sesto/AppData/Lo
cal/Programs/MiKTeX/fonts/type1/urw/symbol/usyr.pfb><C:/Users/sesto/AppData/Loc
al/Programs/MiKTeX/fonts/type1/urw/symbol/usyr.pfb><C:/Users/sesto/AppData/Loca
l/Programs/MiKTeX/fonts/type1/urw/times/utmb8a.pfb><C:/Users/sesto/AppData/Loca
l/Programs/MiKTeX/fonts/type1/urw/times/utmbi8a.pfb><C:/Users/sesto/AppData/Loc
al/Programs/MiKTeX/fonts/type1/urw/times/utmr8a.pfb><C:/Users/sesto/AppData/Loc
al/Programs/MiKTeX/fonts/type1/urw/times/utmr8a.pfb><C:/Users/sesto/AppData/Loc
al/Programs/MiKTeX/fonts/type1/urw/times/utmri8a.pfb>
Output written on "Tesis (Version Definitiva).pdf" (98 pages, 1131576 bytes).
PDF statistics:
 1360 PDF objects out of 1440 (max. 8388607)
 309 named destinations out of 1000 (max. 500000)
 435 words of extra memory for PDF output out of 10000 (max. 10000000)

